IQ-TREE multicore version 2.2.0.7 COVID-edition for Linux 64-bit built Oct 17 2022
Developed by Bui Quang Minh, James Barbetti, Nguyen Lam Tung,
Olga Chernomor, Heiko Schmidt, Dominik Schrempf, Michael Woodhams, Ly Trong Nhan.

Host:    node041 (AVX512, FMA3, 188 GB RAM)
Command: /cfs/earth/scratch/iglh/localapps/iqtree-2.2.0.7-Linux/bin/iqtree2 -s /cfs/earth/scratch/iglh/Masterthesis_Mickaël/data/gag/HIV-1_gag_DNA_mafft_alignment.fasta --date /cfs/earth/scratch/iglh/Masterthesis_Mickaël/data/gag/date_file_gag.txt -o B.FR.1983.HXB2-LAI-IIIB-BRU.K03455 --date-options -l 0.0 -u 0.00001 --redo
Seed:    141470 (Using SPRNG - Scalable Parallel Random Number Generator)
Time:    Thu Aug 31 19:30:59 2023
Kernel:  AVX+FMA - 1 threads (24 CPU cores detected)

HINT: Use -nt option to specify number of threads because your CPU has 24 cores!
HINT: -nt AUTO will automatically determine the best number of threads to use.

Reading alignment file /cfs/earth/scratch/iglh/Masterthesis_Mickaël/data/gag/HIV-1_gag_DNA_mafft_alignment.fasta ... Fasta format detected
Reading fasta file: done in 0.0302536 secs using 78.28% CPU
Alignment most likely contains DNA/RNA sequences
Constructing alignment: done in 0.0202758 secs using 73.97% CPU
Alignment has 647 sequences with 2730 columns, 2023 distinct patterns
1198 parsimony-informative, 425 singleton sites, 1107 constant sites
                                                     Gap/Ambiguity  Composition  p-value
Analyzing sequences: done in 0.00462824 secs using 99.71% CPU
   1  B.FR.1983.HXB2-LAI-IIIB-BRU.K03455                    44.95%    passed     99.99%
   2  B.FR.1983.IIIB_LAI.A04321                             44.95%    passed     99.86%
   3  B.FR.1985.NL43xWC001.AF003887                         44.95%    passed     97.36%
   4  B.FR.1985.NL43E9_LAI_IIIB_NY5.AF070521                44.95%    passed     99.38%
   5  B.ES.1989.S61I1.AF256204                              44.62%    passed     98.61%
   6  B.GB.1986.GB8_46R.AJ271445                            44.18%    passed     95.18%
   7  B.NL.1999.671_99T12.AY423381                          43.70%    passed     96.40%
   8  B.NL.1986.H434-8-A3.AY970946                          44.95%    passed     96.41%
   9  B.GB.1983.CAM1.D10112                                 44.95%    passed     97.88%
  10  B.IT.2005.SG1.DQ672623                                45.20%    passed     99.93%
  11  B.DK.2004.PMVL_018.EF514697                           44.40%    passed     96.01%
  12  B.DK.2004.PMVL_027.EF514698                           44.62%    passed     99.51%
  13  B.DK.2004.PMVL_012.EF514699                           45.24%    passed     99.00%
  14  B.DK.2004.PMVL_013.EF514700                           44.40%    passed     75.21%
  15  B.DK.2004.PMVL_049.EF514701                           44.25%    passed     95.69%
  16  B.DK.2004.PMVL_025.EF514702                           43.59%    passed     85.29%
  17  B.DK.2004.PMVL_039.EF514703                           44.32%    passed     98.55%
  18  B.DK.2001.CTL_016.EF514704                            44.51%    passed     94.92%
  19  B.DK.2001.CTL_017.EF514705                            44.73%    passed     96.47%
  20  B.DK.2001.CTL_018.EF514706                            44.43%    passed     86.03%
  21  B.DK.2001.CTL_023.EF514707                            44.73%    passed     97.77%
  22  B.DK.2001.CTL_030.EF514708                            44.69%    passed     99.08%
  23  B.DK.2001.CTL_033.EF514709                            44.73%    passed     91.38%
  24  B.DK.2001.CTL_035.EF514710                            44.51%    passed     98.69%
  25  B.DK.2001.CTL_041.EF514711                            44.95%    passed     92.32%
  26  B.DK.2001.CTL_043.EF514712                            44.07%    passed     79.77%
  27  B.CY.2003.CY005.EU673412                              44.62%    passed     96.85%
  28  B.CY.2003.CY006.EU673413                              45.38%    passed     86.18%
  29  B.CY.2004.CY010.EU673417                              44.95%    passed     98.86%
  30  B.CY.2005.CY013.EU673419                              44.40%    passed     99.30%
  31  B.CY.2005.CY014.EU673420                              44.40%    passed     95.70%
  32  B.CY.2005.CY016.EU673422                              44.07%    passed     98.58%
  33  B.CY.2005.CY035.EU673423                              44.95%    passed     76.29%
  34  B.CY.2005.CY066.EU673427                              43.85%    passed     89.20%
  35  B.CY.2005.CY089.EU673429                              44.07%    passed     99.99%
  36  B.CY.2005.CY109.EU673430                              44.84%    passed     99.90%
  37  B.CY.2005.CY142.EU673433                              44.51%    passed     94.13%
  38  B.CY.2006.CY159.EU673436                              44.84%    passed     94.42%
  39  B.CY.2006.CY177.EU673445                              44.40%    passed     91.81%
  40  B.ES.2005.X1890.EU786672                              44.95%    passed     99.84%
  41  B.ES.2006.X1958.EU786674                              45.05%    passed     94.89%
  42  B.ES.2006.X1959.EU786675                              45.16%    passed     90.29%
  43  B.ES.2006.X1998.EU786676                              44.95%    passed     99.79%
  44  B.ES.2006.X2102.EU786677                              48.75%    passed     85.91%
  45  B.ES.2007.X2149.EU786678                              44.18%    passed     76.01%
  46  B.ES.2007.X2210_3.EU786679                            44.65%    passed     88.32%
  47  B.ES.2007.X2231.EU786680                              44.84%    passed     95.86%
  48  B.CY.2005.CY018.FJ388890                              44.07%    passed     95.90%
  49  B.CY.2005.CY020.FJ388891                              44.95%    passed     78.35%
  50  B.CY.2005.CY028.FJ388895                              44.95%    passed     99.87%
  51  B.CY.2005.CY032.FJ388898                              44.40%    passed     84.83%
  52  B.CY.2005.CY037.FJ388899                              44.73%    passed     69.96%
  53  B.CY.2005.CY055.FJ388904                              44.51%    passed     86.49%
  54  B.CY.2005.CY056.FJ388905                              44.95%    passed     76.57%
  55  B.CY.2005.CY065.FJ388910                              45.05%    passed     90.68%
  56  B.CY.2005.CY067.FJ388911                              44.51%    passed     98.81%
  57  B.CY.2005.CY068.FJ388912                              43.85%    passed     51.23%
  58  B.CY.2005.CY072.FJ388914                              44.95%    passed     95.84%
  59  B.CY.2005.CY074.FJ388915                              44.73%    passed     99.54%
  60  B.CY.2005.CY075.FJ388916                              44.95%    passed     97.19%
  61  B.CY.2005.CY087.FJ388918                              44.95%    passed     98.60%
  62  B.CY.2005.CY088.FJ388919                              44.62%    passed     98.82%
  63  B.CY.2005.CY093.FJ388923                              44.95%    passed     68.61%
  64  B.CY.2005.CY097.FJ388924                              44.62%    passed     99.98%
  65  B.CY.2005.CY110.FJ388927                              44.62%    passed     46.40%
  66  B.CY.2005.CY113.FJ388930                              43.19%    passed     96.16%
  67  B.CY.2005.CY120.FJ388931                              44.73%    passed     98.94%
  68  B.CY.2005.CY124.FJ388933                              44.95%    passed     95.67%
  69  B.CY.2005.CY130.FJ388934                              44.40%    passed     96.88%
  70  B.CY.2005.CY131.FJ388935                              44.07%    passed     98.58%
  71  B.CY.2005.CY132.FJ388936                              45.27%    passed     96.15%
  72  B.CY.2005.CY137.FJ388937                              44.73%    passed     96.89%
  73  B.CY.2005.CY141.FJ388939                              44.40%    passed     99.30%
  74  B.CY.2005.CY149.FJ388940                              44.62%    passed     85.24%
  75  B.CY.2005.CY150.FJ388941                              44.84%    passed     36.98%
  76  B.CY.2006.CY165.FJ388947                              43.19%    passed     39.74%
  77  B.CY.2006.CY180.FJ388955                              44.62%    passed     97.16%
  78  B.CY.2005.CY030.FJ388956                              45.16%    passed     98.55%
  79  B.CY.2005.CY036.FJ388959                              44.95%    passed     98.80%
  80  B.CY.2005.CY070.FJ388960                              45.05%    passed     85.58%
  81  B.CY.2005.CY082.FJ388962                              44.73%    passed     97.87%
  82  B.CY.2005.CY096.FJ388963                              44.95%    passed     78.33%
  83  B.CY.2005.CY100.FJ388964                              44.95%    passed     99.61%
  84  B.CY.2005.CY122.FJ403482                              45.13%    passed     47.07%
  85  B.DE.2005.B_01.FJ667236                               45.31%    passed     95.80%
  86  B.DE.2004.B_02.FJ667237                               44.95%    passed     98.28%
  87  B.DE.2004.B_03.FJ667238                               44.87%    passed     93.38%
  88  B.DE.2005.B_04.FJ667239                               44.62%    passed     98.80%
  89  B.DE.2003.B_05.FJ667240                               46.08%    passed     77.73%
  90  B.DE.2002.B_06.FJ667241                               44.95%    passed     99.01%
  91  B.DE.2005.B_07.FJ667242                               44.43%    passed     99.67%
  92  B.DE.2005.B_08.FJ667243                               45.13%    passed     98.88%
  93  B.DE.2005.B_09.FJ667244                               44.95%    passed     90.48%
  94  B.DE.2005.B_10.FJ667245                               44.65%    passed     85.52%
  95  B.ES.2008.X2400-3.FJ670524                            44.95%    passed     98.52%
  96  B.ES.2008.X2425-2.FJ670525                            44.95%    passed     95.82%
  97  B.ES.2008.P2008.FJ670531                              44.84%    passed     95.89%
  98  B.DK.2007.PMVL_011.FJ694790                           44.73%    passed     98.43%
  99  B.ES.2008.P2021-3.FJ853620                            44.95%    passed     93.59%
 100  B.ES.2008.X2510_2.FJ853622                            45.05%    passed     98.52%
 101  B.ES.2008.ES_X2515_3.GQ372988                         44.51%    passed     92.93%
 102  B.ES.2008.ES_X2556_3.GQ372990                         45.05%    passed     96.91%
 103  B.ES.2009.P2149_3.GU362881                            44.95%    passed     92.21%
 104  B.ES.2008.X2555_2.GU362883                            43.74%    passed     98.56%
 105  B.ES.2009.X2689_2.GU362885                            45.05%    passed     93.17%
 106  B.ES.2008.X2574_2.GU362886                            44.87%    passed     77.27%
 107  B.DE.2004.AC_GAG2.GU390465                            44.84%    passed     99.84%
 108  B.DE.2004.AC_GAG3.GU390466                            46.67%    passed     68.47%
 109  B.DE.2004.AC_GAG4.GU390467                            44.51%    passed     98.70%
 110  B.DE.2004.AC_GAG5.GU390468                            44.62%    passed     98.46%
 111  B.DE.2004.AC_GAG6.GU390469                            44.73%    passed     92.00%
 112  B.DE.2004.AC_GAG7.GU390470                            44.51%    passed     89.40%
 113  B.DE.2004.AC_GAG8.GU390471                            44.54%    passed     98.31%
 114  B.DE.2005.AC_GAG9.GU390472                            44.51%    passed     98.96%
 115  B.DE.2004.AC_GAG10.GU390473                           44.73%    passed     99.86%
 116  B.DE.2003.AC_GAG12.GU390475                           44.95%    passed     99.93%
 117  B.DE.2003.AC_GAG13.GU390476                           43.74%    passed     93.95%
 118  B.DE.2003.AC_GAG14.GU390477                           45.35%    passed     99.96%
 119  B.DE.2003.AC_GAG16.GU390479                           45.64%    passed     93.17%
 120  B.DE.2003.AC_GAG17.GU390480                           45.05%    passed     80.84%
 121  B.DE.2004.AC_GAG44.GU390507                           44.73%    passed     96.19%
 122  B.DE.2006.AC_GAG45.GU390508                           44.91%    passed     96.39%
 123  B.DE.2005.AC_GAG47.GU390510                           44.84%    passed     99.86%
 124  B.DE.2005.AC_GAG50.GU390513                           44.40%    passed     94.61%
 125  B.DE.2005.AC_GAG51.GU390514                           44.51%    passed     98.90%
 126  B.DE.2005.AC_GAG52.GU390515                           44.62%    passed     99.82%
 127  B.GB.2003.MM33d12p.HM586187                           44.40%    passed     95.86%
 128  B.GB.2004.MM39d11_G1.HM586191                         44.95%    passed     93.48%
 129  B.GB.2004.MM42d22_GN1.HM586198                        44.76%    passed     95.82%
 130  B.GB.2004.MM43d21_GN1.HM586206                        44.29%    passed     91.34%
 131  B.GB.2005.MM45d22_GN1.HM586210                        44.07%    passed     90.50%
 132  B.CY.2007.CY181.JF683736                              44.51%    passed     60.49%
 133  B.CY.2007.CY184.JF683738                              44.95%    passed     90.63%
 134  B.CY.2007.CY188.JF683741                              44.98%    passed     77.58%
 135  B.CY.2007.CY189.JF683742                              44.62%    passed     56.45%
 136  B.CY.2007.CY190.JF683743                              44.95%    passed     99.26%
 137  B.CY.2007.CY194.JF683746                              44.95%    passed     97.46%
 138  B.CY.2007.CY195.JF683747                              44.95%    passed     95.51%
 139  B.CY.2007.CY197.JF683749                              44.91%    passed     96.11%
 140  B.CY.2007.CY198.JF683750                              44.73%    passed     79.80%
 141  B.CY.2007.CY199.JF683751                              43.41%    passed     82.15%
 142  B.CY.2007.CY201.JF683753                              44.95%    passed     97.97%
 143  B.CY.2007.CY202.JF683754                              44.76%    passed     96.63%
 144  B.CY.2007.CY204.JF683756                              44.87%    passed     94.08%
 145  B.CY.2007.CY214.JF683764                              45.05%    passed     99.19%
 146  B.CY.2007.CY216.JF683765                              44.18%    passed     99.97%
 147  B.CY.2008.CY220.JF683769                              44.84%    passed     97.18%
 148  B.CY.2008.CY224.JF683773                              44.62%    passed     73.01%
 149  B.CY.2008.CY226.JF683775                              44.40%    passed     96.88%
 150  B.CY.2008.CY229.JF683778                              44.51%    passed     92.88%
 151  B.CY.2008.CY232.JF683781                              44.84%    passed     91.13%
 152  B.CY.2008.CY237.JF683784                              44.95%    passed     96.09%
 153  B.CY.2008.CY238.JF683785                              45.09%    passed     95.57%
 154  B.CY.2009.CY241.JF683787                              43.96%    passed     97.30%
 155  B.CY.2009.CY242.JF683788                              44.32%    passed     98.88%
 156  B.CY.2009.CY244.JF683790                              44.51%    passed     92.22%
 157  B.CY.2009.CY246.JF683791                              44.18%    passed     99.64%
 158  B.CY.2009.CY250.JF683793                              44.98%    passed     87.26%
 159  B.CY.2009.CY251.JF683794                              44.29%    passed     81.98%
 160  B.CY.2009.CY253.JF683796                              44.62%    passed     92.23%
 161  B.CY.2009.CY254.JF683797                              44.18%    passed     95.90%
 162  B.CY.2009.CY258.JF683801                              44.95%    passed     95.96%
 163  B.CY.2009.CY262.JF683804                              44.95%    passed     99.72%
 164  B.CY.2009.CY263.JF683805                              44.73%    passed     93.44%
 165  B.CY.2009.CY266.JF683807                              44.73%    passed     99.47%
 166  B.CY.2009.CY267.JF683808                              44.18%    passed     97.36%
 167  B.CY.2009.CY268.JF683809                              44.95%    passed     98.18%
 168  B.PL.2008.BP00074_LH01.JN687691                       44.95%    passed     89.09%
 169  B.CH.2002.HIV_CH_BID-V3511_2002.JQ403019              44.95%    passed     98.95%
 170  B.CH.2002.HIV_CH_BID-V3527_2002.JQ403021              43.30%    passed     85.76%
 171  B.CH.2000.HIV_CH_BID-V3529_2000.JQ403022              45.05%    passed     76.62%
 172  B.CH.2000.HIV_CH_BID-V3530_2000.JQ403023              45.05%    passed     96.26%
 173  B.CH.2001.HIV_CH_BID-V3531_2001.JQ403024              44.95%    passed     97.57%
 174  B.CH.2001.HIV_CH_BID-V3533_2001.JQ403025              44.51%    passed     96.83%
 175  B.CH.2001.HIV_CH_BID-V3534_2001.JQ403026              44.95%    passed     99.41%
 176  B.CH.2002.HIV_CH_BID-V3539_2002.JQ403029              45.16%    passed     96.66%
 177  B.DE.2004.HIV_DE_BID-V4131_2004.JQ403037              43.96%    passed     61.81%
 178  B.DE.2004.HIV_DE_BID-V4132_2004.JQ403038              44.07%    passed     47.59%
 179  B.DE.2004.HIV_DE_BID-V4134_2004.JQ403039              44.07%    passed     70.43%
 180  B.CH.2004.HIV_CH_BID-V4408_2004.JQ403042              44.29%    passed     85.47%
 181  B.CH.2003.HIV_CH_BID-V4470_2003.JQ403045              44.51%    passed     97.08%
 182  B.DE.2005.HIV_DE_BID-V4135_2005.JQ403049              44.07%    passed     64.61%
 183  B.DE.2009.D_pt3.JQ647932                              45.42%    passed     95.62%
 184  B.DE.2009.E_pt1.JQ647933                              45.05%    passed     98.77%
 185  B.DE.2009.F_pt2.JQ647934                              45.24%    passed     98.28%
 186  B.DE.2010.G_pt6.JQ716362                              44.51%    passed     81.83%
 187  B.ES.1993.1.JQ846091                                  44.62%    passed     96.32%
 188  B.ES.2007.100.JQ846093                                44.95%    passed     96.17%
 189  B.ES.2007.101.JQ846094                                44.95%    passed     99.97%
 190  B.ES.2007.103.JQ846096                                44.73%    passed     96.74%
 191  B.ES.2007.104.JQ846097                                44.51%    passed     99.41%
 192  B.ES.2007.105.JQ846098                                44.18%    passed     99.62%
 193  B.ES.2007.106.JQ846099                                44.95%    passed     91.40%
 194  B.ES.2007.107.JQ846100                                44.73%    passed     99.60%
 195  B.ES.2007.108.JQ846101                                44.95%    passed     98.56%
 196  B.ES.2007.109.JQ846102                                44.29%    passed     95.86%
 197  B.ES.1993.11.JQ846103                                 44.95%    passed     99.37%
 198  B.ES.2007.110.JQ846104                                44.95%    passed     99.23%
 199  B.ES.2007.111.JQ846105                                44.07%    passed     99.41%
 200  B.ES.2007.112.JQ846106                                44.95%    passed     99.85%
 201  B.ES.2007.113.JQ846107                                44.62%    passed     97.85%
 202  B.ES.2007.114.JQ846108                                44.84%    passed     77.45%
 203  B.ES.2007.115.JQ846109                                44.95%    passed     99.53%
 204  B.ES.2006.116.JQ846110                                44.95%    passed     96.40%
 205  B.ES.2007.117.JQ846111                                44.95%    passed     99.54%
 206  B.ES.2007.118.JQ846112                                44.95%    passed     99.30%
 207  B.ES.2006.119.JQ846113                                44.84%    passed     99.55%
 208  B.ES.2007.120.JQ846115                                44.95%    passed     96.95%
 209  B.ES.2007.121.JQ846116                                44.95%    passed     93.66%
 210  B.ES.2007.122.JQ846117                                44.95%    passed     94.29%
 211  B.ES.2007.123.JQ846118                                45.05%    passed     92.36%
 212  B.ES.2007.124.JQ846119                                44.18%    passed     91.45%
 213  B.ES.2007.126.JQ846121                                45.16%    passed     99.68%
 214  B.ES.2006.127.JQ846122                                44.40%    passed     98.86%
 215  B.ES.2007.128.JQ846123                                44.51%    passed     97.74%
 216  B.ES.2007.129.JQ846124                                44.29%    passed     98.47%
 217  B.ES.2007.130.JQ846126                                45.16%    passed     92.08%
 218  B.ES.2006.131.JQ846127                                44.51%    passed     95.34%
 219  B.ES.2007.132.JQ846128                                45.05%    passed     99.58%
 220  B.ES.2006.133.JQ846129                                44.40%    passed     99.79%
 221  B.ES.2007.134.JQ846130                                44.95%    passed     95.76%
 222  B.ES.2007.135.JQ846131                                44.62%    passed     99.94%
 223  B.ES.2007.136.JQ846132                                44.07%    passed     99.00%
 224  B.ES.2006.137.JQ846133                                44.84%    passed     94.08%
 225  B.ES.1993.14.JQ846136                                 44.95%    passed     96.52%
 226  B.ES.1993.17.JQ846150                                 44.95%    passed     97.71%
 227  B.ES.1993.18.JQ846151                                 44.84%    passed     99.31%
 228  B.ES.1993.19.JQ846152                                 44.84%    passed     96.93%
 229  B.ES.1993.2.JQ846153                                  44.95%    passed     98.59%
 230  B.ES.1993.25.JQ846159                                 44.95%    passed     98.99%
 231  B.ES.1993.27.JQ846161                                 44.95%    passed     94.94%
 232  B.ES.1993.28.JQ846162                                 44.29%    passed     98.10%
 233  B.ES.1993.30.JQ846165                                 45.05%    passed     99.55%
 234  B.ES.1993.32.JQ846167                                 44.51%    passed     99.57%
 235  B.ES.1993.33.JQ846168                                 44.95%    passed     98.26%
 236  B.ES.1993.34.JQ846169                                 44.95%    passed     97.76%
 237  B.ES.1993.37.JQ846172                                 45.16%    passed     96.61%
 238  B.ES.1993.4.JQ846175                                  44.51%    passed     99.93%
 239  B.ES.1993.40.JQ846176                                 44.40%    passed     99.94%
 240  B.ES.1993.41.JQ846177                                 44.84%    passed     76.97%
 241  B.ES.1993.42.JQ846178                                 44.95%    passed     96.78%
 242  B.ES.1993.43.JQ846179                                 44.84%    passed     99.26%
 243  B.ES.1993.44.JQ846180                                 44.95%    passed     97.54%
 244  B.ES.1993.46.JQ846182                                 45.27%    passed     99.04%
 245  B.ES.1993.48.JQ846184                                 44.51%    passed     96.72%
 246  B.ES.1993.50.JQ846187                                 44.95%    passed     99.58%
 247  B.ES.1993.53.JQ846190                                 44.29%    passed     99.01%
 248  B.ES.1993.54.JQ846191                                 44.73%    passed     98.81%
 249  B.ES.1993.55.JQ846192                                 44.95%    passed     99.94%
 250  B.ES.1993.63.JQ846201                                 44.51%    passed     97.97%
 251  B.ES.1993.65.JQ846203                                 44.73%    passed     96.20%
 252  B.ES.1993.7.JQ846208                                  44.29%    passed     98.34%
 253  B.ES.1993.70.JQ846209                                 44.95%    passed     98.26%
 254  B.ES.1993.71.JQ846210                                 44.95%    passed     99.06%
 255  B.ES.1993.72.JQ846211                                 44.29%    passed     99.34%
 256  B.ES.1993.73.JQ846212                                 44.84%    passed     99.36%
 257  B.ES.1993.74.JQ846213                                 45.05%    passed     90.91%
 258  B.ES.1993.75.JQ846214                                 44.95%    passed     99.01%
 259  B.ES.1993.81.JQ846221                                 44.84%    passed     98.09%
 260  B.ES.1993.82.JQ846222                                 44.95%    passed     97.26%
 261  B.ES.1993.85.JQ846225                                 44.95%    passed     99.45%
 262  B.ES.1993.89.JQ846229                                 44.95%    passed     93.99%
 263  B.ES.2007.94.JQ846235                                 44.18%    passed     86.72%
 264  B.ES.2007.95.JQ846236                                 44.95%    passed     99.48%
 265  B.ES.2007.96.JQ846237                                 44.62%    passed     97.69%
 266  B.ES.2007.97.JQ846238                                 44.40%    passed     98.70%
 267  B.ES.2007.98.JQ846239                                 44.95%    passed     97.83%
 268  B.FR.2005.DEMB05FR001.JX140652                        44.40%    passed     97.26%
 269  B.FR.2008.DEMB08FR002.JX140654                        44.73%    passed     95.71%
 270  B.ES.2009.DEMB09BO001.JX140656                        44.98%    passed     83.27%
 271  B.ES.2010.DEMB10VE001.JX140659                        44.95%    passed     90.27%
 272  B.ES.2011.P2418_2.KC112998                            44.62%    passed     73.51%
 273  B.ES.2010.P2606_2.KC113005                            44.95%    passed     83.43%
 274  B.ES.2010.DEMB10ES002.KC473842                        45.16%    passed     95.76%
 275  B.CH.2000.M1_0007251_NFLG95.KC797171                  44.73%    passed     99.87%
 276  B.CH.2008.M2_0801071_NFLG2.KC797215                   44.73%    passed     99.97%
 277  B.FR.2009.DEMB09FR001.KF716494                        44.62%    passed     99.31%
 278  B.FR.2009.DEMB09FR002.KF716495                        44.95%    passed     96.77%
 279  B.FR.2011.DEMB11FR001.KF716496                        45.05%    passed     97.16%
 280  B.GB.1994.NIBSC-1.KJ019215                            44.62%    passed     99.11%
 281  B.CH.2012.pBV8.KJ689249                               44.40%    passed     81.30%
 282  B.CH.2010.pBV11.KJ689251                              44.40%    passed     99.75%
 283  B.CH.2011.pBV15.KJ689255                              44.95%    passed     98.33%
 284  B.CH.2008.pBV21.KJ689260                              45.05%    passed     97.94%
 285  B.CH.2004.pBV25.KJ689263                              44.95%    passed     81.80%
 286  B.CH.2008.pBV34.KJ689271                              44.29%    passed     97.34%
 287  B.DE.2005.GAG_Acute_37.KJ869478                       44.62%    passed     93.51%
 288  B.DE.2005.GAG_Acute_38.KJ869479                       45.31%    passed     95.80%
 289  B.DE.2004.GAG_Acute_39.KJ869480                       44.84%    passed     99.84%
 290  B.DE.2004.GAG_Acute_40.KJ869481                       44.95%    passed     98.28%
 291  B.DE.2004.GAG_Acute_41.KJ869482                       46.67%    passed     68.47%
 292  B.DE.2004.GAG_Acute_42.KJ869483                       44.51%    passed     98.70%
 293  B.DE.2004.GAG_Acute_43.KJ869484                       44.62%    passed     98.46%
 294  B.DE.2004.GAG_Acute_44.KJ869485                       44.73%    passed     92.00%
 295  B.DE.2004.GAG_Acute_45.KJ869486                       43.99%    passed     91.72%
 296  B.DE.2004.GAG_Acute_46.KJ869487                       44.51%    passed     89.40%
 297  B.DE.2005.GAG_Acute_47.KJ869488                       44.51%    passed     98.96%
 298  B.DE.2004.GAG_Acute_48.KJ869489                       44.51%    passed     97.90%
 299  B.DE.2004.GAG_Acute_49.KJ869490                       44.73%    passed     99.86%
 300  B.DE.2004.GAG_Acute_50.KJ869491                       44.87%    passed     93.38%
 301  B.DE.2005.GAG_Acute_51.KJ869492                       44.62%    passed     98.80%
 302  B.DE.2004.GAG_Acute_52.KJ869493                       44.76%    passed     98.44%
 303  B.DE.2005.GAG_Acute_53.KJ869494                       44.87%    passed     95.54%
 304  B.DE.2005.GAG_Acute_54.KJ869495                       44.95%    passed     86.86%
 305  B.DE.2005.GAG_Acute_56.KJ869497                       44.43%    passed     99.67%
 306  B.DE.2005.GAG_Acute_57.KJ869498                       44.84%    passed     99.86%
 307  B.DE.2005.GAG_Acute_58.KJ869499                       45.13%    passed     98.88%
 308  B.DE.2004.GAG_Acute_59.KJ869500                       44.29%    passed     96.76%
 309  B.DE.2005.GAG_Acute_60.KJ869501                       43.96%    passed     94.66%
 310  B.DE.2005.GAG_Acute_61.KJ869502                       44.95%    passed     90.48%
 311  B.DE.2005.GAG_Acute_63.KJ869504                       44.40%    passed     94.61%
 312  B.DE.2005.GAG_Acute_64.KJ869505                       44.51%    passed     98.90%
 313  B.DE.2005.GAG_Acute_65.KJ869506                       44.62%    passed     99.82%
 314  B.DE.2005.GAG_Acute_67.KJ869508                       44.65%    passed     85.52%
 315  B.DE.2005.GAG_Acute_68.KJ869509                       44.87%    passed     98.99%
 316  B.DE.2003.GAG_Acute_69.KJ869510                       44.95%    passed     99.93%
 317  B.DE.2003.GAG_Acute_70.KJ869511                       43.74%    passed     93.95%
 318  B.DE.2003.GAG_Acute_71.KJ869512                       45.35%    passed     99.96%
 319  B.DE.2003.GAG_Acute_72.KJ869513                       46.08%    passed     77.73%
 320  B.DE.2002.GAG_Acute_73.KJ869514                       44.95%    passed     99.01%
 321  B.DE.2003.GAG_Acute_74.KJ869515                       45.64%    passed     93.17%
 322  B.DE.2003.GAG_Acute_75.KJ869516                       44.98%    passed     78.59%
 323  B.ES.2013.DEMB13ES010.KP109518                        44.62%    passed     85.59%
 324  B.SE.2009.SE600001.KP411822                           44.73%    passed     90.89%
 325  B.SE.2010.SE600012.KP411823                           45.16%    passed     71.07%
 326  B.SE.2011.SE600023.KP411824                           44.73%    passed     86.64%
 327  B.SE.2011.SE600034.KP411825                           45.05%    passed     95.85%
 328  B.SE.2010.SE600046.KP411827                           44.29%    passed     97.17%
 329  B.SE.2012.SE600057.KP411828                           44.73%    passed     97.66%
 330  B.DE.2009.136172.KT124749                             44.95%    passed     81.24%
 331  B.DE.2008.147984.KT124751                             44.84%    passed     96.59%
 332  B.DE.2008.154162.KT124752                             44.18%    passed     96.63%
 333  B.DE.2009.159793.KT124753                             45.16%    passed     97.04%
 334  B.DE.2009.172508.KT124754                             45.05%    passed     98.68%
 335  B.DE.2008.176952.KT124755                             45.05%    passed     89.90%
 336  B.DE.2008.255524.KT124757                             44.95%    passed     92.57%
 337  B.DE.2010.290307.KT124760                             44.95%    passed     99.40%
 338  B.DE.2008.296004.KT124762                             44.73%    passed     99.30%
 339  B.DE.2010.320435.KT124763                             44.73%    passed     96.77%
 340  B.DE.2012.328893.KT124765                             45.05%    passed     95.66%
 341  B.DE.2013.366396.KT124767                             44.84%    passed     95.03%
 342  B.DE.2010.464704.KT124772                             44.95%    passed     99.32%
 343  B.DE.2010.556743.KT124779                             45.71%    passed     99.55%
 344  B.DE.2010.571373.KT124780                             44.73%    passed     99.06%
 345  B.DE.2009.585067.KT124782                             44.51%    passed     85.51%
 346  B.DE.2010.587196.KT124783                             44.95%    passed     99.52%
 347  B.DE.2012.635056.KT124787                             44.62%    passed     88.87%
 348  B.DE.2008.637829.KT124788                             44.73%    passed     95.17%
 349  B.DE.2008.654207.KT124789                             45.05%    passed     99.92%
 350  B.DE.2008.822582.KT124794                             43.41%    passed     75.18%
 351  B.DE.2010.863847.KT124797                             44.84%    passed     93.00%
 352  B.DE.2008.882283.KT124800                             44.84%    passed     82.62%
 353  B.DE.2011.891676.KT124802                             44.40%    passed     97.34%
 354  B.DE.2007.906153.KT124803                             45.27%    passed     99.73%
 355  B.DE.2004.912218.KT124804                             44.51%    passed     89.40%
 356  B.DE.2009.923040.KT124805                             44.84%    passed     87.01%
 357  B.DE.2013.947915.KT124808                             44.62%    passed     93.87%
 358  B.DE.2008.954229.KT124810                             45.05%    passed     78.21%
 359  B.DE.2012.956306.KT124811                             44.40%    passed     96.48%
 360  B.DE.2004.963987.KT124812                             44.73%    passed     99.86%
 361  B.ES.2013.P6.KT200348                                 44.73%    passed     95.91%
 362  B.ES.2008.R11.KT200349                                44.07%    passed     92.80%
 363  B.ES.2006.R14.KT200350                                44.18%    passed     99.83%
 364  B.ES.2005.R15.KT200351                                44.73%    passed     99.57%
 365  B.ES.2010.R3.KT200352                                 44.84%    passed     99.92%
 366  B.ES.2010.R4.KT200353                                 44.18%    passed     98.97%
 367  B.ES.2008.R5.KT200354                                 44.51%    passed     93.34%
 368  B.ES.2010.R6.KT200355                                 44.95%    passed     98.24%
 369  B.ES.2010.R7.KT200356                                 44.62%    passed     97.11%
 370  B.ES.2010.R8.KT200357                                 44.73%    passed     94.64%
 371  B.ES.2008.R9.KT200358                                 44.84%    passed     96.90%
 372  B.ES.2014.ARP1195.KT276255                            44.18%    passed     78.82%
 373  B.ES.2014.ARP1196.KT276256                            44.65%    passed     82.10%
 374  B.ES.2014.ARP1202.KT276262                            45.79%    passed     93.07%
 375  B.ES.2014.ARP1203.KT276263                            44.29%    passed     58.09%
 376  B.ES.2014.ARP1204.KT276264                            45.20%    passed     87.80%
 377  B.ES.2014.ARP1206.KT276266                            45.27%    passed     99.33%
 378  B.ES.2014.ARP1207.KT276267                            44.40%    passed     94.27%
 379  B.ES.2014.ARP1208.KT276268                            45.09%    passed     92.37%
 380  B.FR.2003.LA06ToXa.KU168261                           44.51%    passed     89.09%
 381  B.DE.2010.iso4-w10.KU612900                           45.09%    passed     93.84%
 382  B.DE.2010.iso5-h10.KU612901                           45.13%    passed     98.40%
 383  B.ES.2014.EUR-0043.KU685583                           45.13%    passed     99.77%
 384  B.ES.2014.EUR-0044.KU685584                           45.42%    passed     81.93%
 385  B.ES.2014.EUR-0045.KU685585                           44.76%    passed     97.91%
 386  B.ES.2014.EUR-0046.KU685586                           44.07%    passed     55.63%
 387  B.ES.2014.EUR-0050.KU685588                           44.29%    passed     61.98%
 388  B.ES.2014.EUR-0052.KU685589                           45.31%    passed     99.87%
 389  B.ES.2014.EUR-0053.KU685590                           44.62%    passed     97.98%
 390  B.ES.2014.EUR-0031.KU685591                           44.84%    passed     91.59%
 391  B.ES.2014.100_112.KY465967                            45.05%    passed     92.02%
 392  B.ES.2014.100_114.KY465968                            45.05%    passed     99.26%
 393  B.ES.2015.100_116.KY465969                            44.76%    passed     97.93%
 394  B.ES.2015.100_121.KY514083                            44.84%    passed     96.67%
 395  B.GB.2008.DEMB08UK003.KY658697                        45.05%    passed     97.06%
 396  B.ES.2015.100597.KY989949                             43.92%    passed     78.21%
 397  B.ES.2015.100594.KY989951                             45.13%    passed     98.05%
 398  B.ES.2015.100596.KY989953                             42.82%    passed     83.00%
 399  B.ES.2015.100598.KY989954                             44.43%    passed     82.46%
 400  B.ES.2015.100600.KY989956                             45.05%    passed     98.66%
 401  B.FR.1983.BH102_BH10.M15654                           43.63%    passed     97.62%
 402  B.GB.2013.13592_1_11.3.MF109353                       45.16%    passed     95.12%
 403  B.GB.2013.13592_1_17.3.MF109359                       45.05%    passed     98.64%
 404  B.GB.2013.13592_1_20.3.MF109363                       44.95%    passed     79.07%
 405  B.GB.2013.13592_1_21.3.MF109364                       44.98%    passed     99.83%
 406  B.GB.2013.13592_1_26.3.MF109369                       44.95%    passed     99.43%
 407  B.GB.2013.13592_1_29.3.MF109372                       44.95%    passed     99.46%
 408  B.GB.2013.13592_1_30.3.MF109373                       45.16%    passed     97.99%
 409  B.GB.2013.13592_1_32.3.MF109375                       44.98%    passed     90.79%
 410  B.GB.2013.13592_1_33.3.MF109376                       44.95%    passed     95.42%
 411  B.GB.2013.13592_1_41.3.MF109385                       44.95%    passed     93.73%
 412  B.GB.2013.13592_1_42.3.MF109386                       44.95%    passed     80.07%
 413  B.GB.2013.13592_1_4.3.MF109388                        44.95%    passed     99.22%
 414  B.GB.2013.13592_1_6.4.MF109390                        45.05%    passed     99.05%
 415  B.GB.2013.13592_1_9.3.MF109393                        45.05%    passed     98.40%
 416  B.GB.2014.13612_1_11.3.MF109395                       45.16%    passed     99.43%
 417  B.GB.2014.13612_1_12.4.MF109396                       44.95%    passed     99.22%
 418  B.GB.2014.13612_1_17.3.MF109400                       44.95%    passed     99.64%
 419  B.GB.2014.13612_1_18.3.MF109401                       44.95%    passed     96.81%
 420  B.GB.2014.13612_1_25.3.MF109408                       44.98%    passed     98.88%
 421  B.GB.2014.13612_1_28.4.MF109411                       44.95%    passed     99.82%
 422  B.GB.2014.13612_1_32.3.MF109416                       45.16%    passed     96.48%
 423  B.GB.2014.13612_1_34.3.MF109418                       44.95%    passed     97.92%
 424  B.GB.2014.13612_1_38.3.MF109422                       44.98%    passed     82.77%
 425  B.GB.2014.13612_1_41.3.MF109426                       44.95%    passed     98.42%
 426  B.GB.2014.13659_1_52.3.MF109440                       45.05%    passed     95.81%
 427  B.GB.2014.13659_1_56.3.MF109444                       44.95%    passed     99.37%
 428  B.GB.2014.13659_1_58.3.MF109446                       45.05%    passed     84.25%
 429  B.GB.2014.13659_1_59.3.MF109447                       45.05%    passed     96.26%
 430  B.GB.2014.13659_1_61.3.MF109449                       45.05%    passed     70.96%
 431  B.GB.2014.13659_1_62.3.MF109450                       45.05%    passed     98.88%
 432  B.GB.2014.13659_1_64.3.MF109452                       45.27%    passed     98.55%
 433  B.GB.2014.13659_1_65.3.MF109453                       45.38%    passed     99.57%
 434  B.GB.2013.13659_1_66.3.MF109454                       45.16%    passed     95.54%
 435  B.GB.2014.13659_1_67.3.MF109455                       44.95%    passed     99.37%
 436  B.GB.2014.13659_1_69.3.MF109456                       45.09%    passed     95.50%
 437  B.GB.2014.13659_1_73.3.MF109459                       44.95%    passed     94.14%
 438  B.GB.2014.13659_1_75.3.MF109461                       45.05%    passed     81.26%
 439  B.GB.2014.13659_1_80.3.MF109464                       44.95%    passed     98.94%
 440  B.GB.2013.13774_1_47.3.MF109472                       45.05%    passed     92.09%
 441  B.GB.2013.13774_1_48.4.MF109473                       44.95%    passed     98.55%
 442  B.GB.2013.13774_1_50.3.MF109475                       44.95%    passed     97.57%
 443  B.GB.2013.13774_1_53.3.MF109478                       44.98%    passed     95.25%
 444  B.GB.2013.13774_1_54.3.MF109479                       44.95%    passed     86.32%
 445  B.GB.2013.13774_1_55.3.MF109480                       45.05%    passed     94.59%
 446  B.GB.2013.13774_1_56.3.MF109481                       45.05%    passed     93.93%
 447  B.GB.2013.13774_1_63.3.MF109487                       44.95%    passed     98.89%
 448  B.GB.2013.13774_1_71.3.MF109494                       45.05%    passed     99.04%
 449  B.GB.2013.13774_1_72.3.MF109495                       44.95%    passed     96.40%
 450  B.GB.2013.13774_1_76.3.MF109498                       45.05%    passed     96.71%
 451  B.GB.2013.13774_1_77.4.MF109499                       45.27%    passed     91.18%
 452  B.GB.2013.13774_1_79.3.MF109501                       44.95%    passed     95.38%
 453  B.GB.2013.13774_1_84.3.MF109506                       45.27%    passed     99.23%
 454  B.GB.2013.13774_1_87.3.MF109509                       45.16%    passed     98.66%
 455  B.GB.2014.14535_1_26.3.MF109523                       44.95%    passed     90.91%
 456  B.GB.2014.14535_1_27.3.MF109524                       45.09%    passed     99.76%
 457  B.GB.2014.14535_1_28.4.MF109525                       44.95%    passed     95.89%
 458  B.GB.2014.14535_1_39.3.MF109531                       44.95%    passed     92.94%
 459  B.GB.2014.14535_1_5.3.MF109533                        45.16%    passed     92.18%
 460  B.GB.2014.14535_1_7.3.MF109534                        45.09%    passed     96.80%
 461  B.GB.2014.14535_1_9.3.MF109536                        44.95%    passed     98.67%
 462  B.GB.2014.14592_1_40.3.MF109537                       44.95%    passed     96.57%
 463  B.GB.2014.14592_1_44.3.MF109540                       44.95%    passed     83.23%
 464  B.GB.2014.14592_1_47.3.MF109543                       45.05%    passed     96.86%
 465  B.GB.2014.14592_1_52.4.MF109546                       44.95%    passed     94.94%
 466  B.GB.2014.14592_1_57.3.MF109551                       44.95%    passed     99.95%
 467  B.GB.2014.14592_1_58.3.MF109552                       45.16%    passed     94.68%
 468  B.GB.2014.14592_1_64.3.MF109558                       45.16%    passed     99.63%
 469  B.GB.2014.14592_1_67.3.MF109561                       45.27%    passed     99.91%
 470  B.GB.2014.14592_1_72.3.MF109566                       44.95%    passed     64.86%
 471  B.GB.2014.14667_1_14.3.MF109576                       44.95%    passed     99.61%
 472  B.GB.2014.14667_1_15.3.MF109577                       45.05%    passed     94.45%
 473  B.GB.2014.14667_1_16.3.MF109578                       45.20%    passed     99.57%
 474  B.GB.2014.14667_1_28.3.MF109588                       44.95%    passed     86.55%
 475  B.GB.2014.14667_1_2.4.MF109590                        44.98%    passed     99.66%
 476  B.GB.2014.14667_1_36.3.MF109596                       44.95%    passed     97.46%
 477  B.GB.2014.14667_1_37.3.MF109597                       45.05%    passed     85.64%
 478  B.GB.2014.14667_1_7.3.MF109602                        45.60%    passed     98.80%
 479  B.GB.2014.14727_1_40.3.MF109605                       45.09%    passed     95.70%
 480  B.GB.2014.14727_1_44.3.MF109608                       44.95%    passed    100.00%
 481  B.GB.2014.14727_1_47.3.MF109611                       44.95%    passed     99.86%
 482  B.GB.2014.14727_1_53.3.MF109616                       45.60%    passed     95.85%
 483  B.GB.2014.14727_1_59.4.MF109620                       45.05%    passed     99.83%
 484  B.GB.2014.14727_1_63.3.MF109624                       45.05%    passed     98.00%
 485  B.GB.2014.14727_1_64.3.MF109625                       44.95%    passed     96.41%
 486  B.GB.2014.14727_1_66.3.MF109627                       45.71%    passed     99.52%
 487  B.GB.2014.14727_1_69.3.MF109630                       45.09%    passed     98.67%
 488  B.GB.2014.14727_1_72.3.MF109633                       44.95%    passed     99.97%
 489  B.GB.2014.14727_1_73.3.MF109634                       45.13%    passed     90.78%
 490  B.GB.2014.14727_1_75.3.MF109636                       45.27%    passed     98.34%
 491  B.GB.2013.15171_1_25.4.MF109656                       44.95%    passed     95.49%
 492  B.GB.2013.15171_1_31.3.MF109663                       44.95%    passed     99.49%
 493  B.GB.2013.15171_1_32.3.MF109664                       44.95%    passed     94.68%
 494  B.GB.2013.15171_1_35.4.MF109667                       45.05%    passed     97.30%
 495  B.GB.2013.15171_1_42.3.MF109675                       44.95%    passed     81.25%
 496  B.GB.2013.15171_1_7.5.MF109680                        45.05%    passed     97.30%
 497  B.GB.2013.15228_1_45.4.MF109683                       44.95%    passed     96.83%
 498  B.GB.2013.15228_1_47.3.MF109685                       45.09%    passed     94.75%
 499  B.GB.2013.15228_1_60.3.MF109698                       44.95%    passed     81.25%
 500  B.GB.2013.15228_1_67.4.MF109705                       44.95%    passed     95.96%
 501  B.GB.2013.15228_1_73.3.MF109711                       45.16%    passed     97.74%
 502  B.GB.2013.15228_1_78.3.MF109716                       45.27%    passed     91.39%
 503  B.ES.2010.X2899_2s_nt0759_9478.MF157735               44.29%    passed     86.54%
 504  B.ES.2009.X2730_2_nt0544_9494.MF157736                44.87%    passed     98.84%
 505  B.SE.2003.003SE.MF373125                              44.95%    passed     99.14%
 506  B.SE.2003.005SE.MF373127                              45.05%    passed     72.39%
 507  B.SE.2005.007SE.MF373129                              44.95%    passed     99.32%
 508  B.SE.2005.008SE.MF373130                              44.95%    passed     99.93%
 509  B.SE.2007.023SE.MF373140                              44.95%    passed     99.12%
 510  B.SE.2008.028SE.MF373142                              44.29%    passed     98.80%
 511  B.SE.2009.030SE.MF373144                              44.73%    passed     96.26%
 512  B.SE.2010.038US.MF373149                              44.29%    passed     99.93%
 513  B.SE.2010.040CA.MF373151                              44.84%    passed     98.91%
 514  B.SE.2011.058SE.MF373161                              45.05%    passed     99.35%
 515  B.SE.2011.059SE.MF373162                              44.18%    passed     98.63%
 516  B.SE.2012.071EG.MF373174                              45.05%    passed     75.69%
 517  B.SE.2013.083ET.MF373185                              44.95%    passed     98.49%
 518  B.SE.2013.084TH.MF373186                              44.40%    passed     94.89%
 519  B.SE.2013.089SE.MF373191                              44.40%    passed     97.28%
 520  B.SE.2014.099US.MF373201                              44.07%    passed     87.00%
 521  B.SE.2015.101SE.MF373203                              44.73%    passed     95.34%
 522  B.SE.2015.102SE.MF373204                              44.73%    passed     86.40%
 523  B.FR.2011.AiHo.MH351679                               43.96%    passed     99.63%
 524  B.BG.2009.V_09_013.MH746254                           44.07%    passed     99.48%
 525  B.BG.2008.V_08_001.MH746261                           44.95%    passed     99.69%
 526  B.BG.2008.S_08_001.MH746264                           44.40%    passed     96.95%
 527  B.BG.2008.P_08_004.MH746265                           44.62%    passed     90.94%
 528  B.BG.2008.P_08_001.MH746266                           43.41%    passed     82.14%
 529  B.DE.2017.Strain0526.MK086129                         44.95%    passed     99.81%
 530  B.DE.2016.9249_W0_11N5_S39.MK115602                   44.73%    passed     98.15%
 531  B.DE.2016.9253_W0_10C20_S49.MK115871                  45.05%    passed     94.77%
 532  B.DE.2016.9254_W0_12G11_S39.MK115946                  45.05%    passed     88.77%
 533  B.DE.2016.9255_W0_10D11_S65.MK116093                  45.05%    passed     97.84%
 534  B.ES.2017.LTNP_3_127GC.MN055643                       44.95%    passed     99.80%
 535  B.BE.2017.02006_cen.MN449474                          44.62%    passed     99.56%
 536  B.BE.2013.AB.MN485972                                 44.32%    passed     98.85%
 537  B.BE.2013.AC.MN485973                                 44.65%    passed     95.65%
 538  B.BE.2014.AD.MN485974                                 45.20%    passed     99.78%
 539  B.BE.2014.AH.MN485978                                 45.16%    passed     96.52%
 540  B.BE.2014.AI.MN485979                                 44.84%    passed     97.95%
 541  B.BE.2014.AJ.MN485980                                 44.80%    passed     97.83%
 542  B.BE.2015.AK.MN485981                                 45.38%    passed     82.50%
 543  B.BE.2015.AO.MN485985                                 44.32%    passed     97.39%
 544  B.BE.2015.AR.MN485988                                 45.35%    passed     99.59%
 545  B.BE.2016.AT.MN485990                                 43.99%    passed     99.32%
 546  B.BE.2016.AU.MN485991                                 45.13%    passed     98.56%
 547  B.BE.2016.AW.MN485993                                 44.95%    passed     96.22%
 548  B.BE.2016.AX.MN485994                                 45.46%    passed     97.62%
 549  B.BE.2016.AY.MN485995                                 44.29%    passed     98.99%
 550  B.BE.2016.AZ.MN485996                                 45.31%    passed     98.24%
 551  B.BE.2016.BA.MN485997                                 44.95%    passed     92.17%
 552  B.BE.2016.BB.MN485998                                 44.84%    passed     73.68%
 553  B.BE.2016.BD.MN486000                                 44.80%    passed     92.09%
 554  B.BE.2016.BF.MN486001                                 44.69%    passed     95.48%
 555  B.BE.2016.BE.MN486002                                 44.32%    passed     99.48%
 556  B.BE.2016.BG.MN486003                                 45.27%    passed     90.98%
 557  B.BE.2016.BI.MN486005                                 45.60%    passed     99.68%
 558  B.BE.2016.BL.MN486008                                 44.84%    passed     94.86%
 559  B.BE.2016.BM.MN486009                                 44.87%    passed     81.73%
 560  B.BE.2016.BN.MN486010                                 44.21%    passed     83.15%
 561  B.BE.2016.BP.MN486012                                 45.71%    passed     90.86%
 562  B.BE.2016.BQ.MN486013                                 44.40%    passed     98.49%
 563  B.BE.2016.BR.MN486014                                 44.87%    passed     97.94%
 564  B.BE.2017.BS.MN486015                                 44.03%    passed     60.26%
 565  B.BE.2017.BV.MN486018                                 45.42%    passed     99.59%
 566  B.BE.2017.BW.MN486019                                 43.85%    passed     60.03%
 567  B.BE.2017.BX.MN486020                                 44.73%    passed     90.97%
 568  B.BE.2017.BY.MN486021                                 45.35%    passed     91.80%
 569  B.BE.2017.BZ.MN486022                                 44.95%    passed     99.10%
 570  B.BE.2017.CB.MN486024                                 45.20%    passed     95.85%
 571  B.BE.2017.CD.MN486026                                 45.46%    passed     95.54%
 572  B.BE.2017.CE.MN486027                                 45.09%    passed     99.56%
 573  B.BE.2017.CF.MN486028                                 44.95%    passed     89.53%
 574  B.BE.2017.CG.MN486029                                 45.05%    passed     99.31%
 575  B.BE.2017.CJ.MN486032                                 44.54%    passed     96.03%
 576  B.BE.2018.CL.MN486034                                 44.73%    passed     99.71%
 577  B.BE.2014.CN.MN486036                                 44.10%    passed     99.31%
 578  B.BE.2016.CO.MN486037                                 44.69%    passed     99.04%
 579  B.BE.2016.CP.MN486038                                 44.14%    passed     99.91%
 580  B.BE.2017.CR.MN486040                                 44.29%    passed     99.21%
 581  B.BE.2016.CS.MN486041                                 44.18%    passed     99.03%
 582  B.BE.2016.CY.MN486047                                 45.46%    passed     97.05%
 583  B.SI.2016.Sample12_SI159.MN736698                     43.96%    passed     98.23%
 584  B.SI.2011.Sample29_SI257.MN736700                     45.16%    passed     99.75%
 585  B.SI.2013.Sample43_SI378.MN736704                     44.95%    passed     94.54%
 586  B.SI.2015.Sample56_SI457.MN736706                     44.62%    passed     96.48%
 587  B.SI.2016.Sample65_SI497.MN736707                     44.62%    passed     99.69%
 588  B.GB.2016.DEMB16UK018.MT222951                        44.62%    passed     98.36%
 589  B.GB.2018.DEMB18UK020.MT222952                        44.47%    passed     97.90%
 590  B.BE.2017.DC.MT417739                                 45.24%    passed     99.15%
 591  B.BE.2015.DD.MT417740                                 44.65%    passed     97.20%
 592  B.BE.2015.DE.MT417741                                 44.65%    passed     93.64%
 593  B.BE.2016.DH.MT417744                                 44.91%    passed     90.12%
 594  B.BE.2015.DM.MT417749                                 45.09%    passed     83.14%
 595  B.BE.2019.DO.MT417751                                 45.02%    passed     94.18%
 596  B.BE.2019.DP.MT417752                                 45.75%    passed     95.91%
 597  B.BE.2018.DQ.MT417753                                 46.59%    passed     97.09%
 598  B.BE.2017.DR.MT417754                                 45.09%    passed     92.82%
 599  B.BE.2017.DW.MT417759                                 44.98%    passed     90.62%
 600  B.BE.2016.DX.MT417760                                 44.80%    passed     99.97%
 601  B.BE.2019.DY.MT417761                                 45.46%    passed     93.88%
 602  B.BE.2019.ED.MT417766                                 45.79%    passed     47.86%
 603  B.BE.2019.EE.MT417767                                 45.75%    passed     58.82%
 604  B.BE.2016.EF.MT417768                                 45.79%    passed     95.34%
 605  B.BE.2019.EI.MT417771                                 45.57%    passed     97.07%
 606  B.BE.2019.EJ.MT417772                                 45.79%    passed     99.55%
 607  B.GB.2009.MM23.18.1A1.QVOA.MT794005                   44.95%    passed     99.68%
 608  B.GB.2011.MM34.23.1B2.QVOA.MT794569                   44.95%    passed     92.68%
 609  B.GB.2004.MM40.01.1A1.MT794859                        44.29%    passed     93.98%
 610  B.BE.2016.P6_G1_STAT5B.MW881748                       44.18%    passed     97.58%
 611  B.BE.2016.P7_G10_NA.MW881757                          44.84%    passed     94.02%
 612  B.BE.2016.P8_G_1_SMG1P2.MW881768                      44.95%    passed     97.98%
 613  B.BE.2016.STAR04_CD45_10.MZ041487                     44.62%    passed    100.00%
 614  B.BE.2016.STAR09_CD45_05.MZ041589                     44.73%    passed     98.29%
 615  B.FR.2018.AB-11A.ON421462                             45.05%    passed     99.67%
 616  B.FR.2018.AE-B4.ON421477                              45.16%    passed     89.67%
 617  B.FR.2018.S-1A2.ON421498                              44.21%    passed     94.16%
 618  B.FR.2018.T-13A.ON421502                              44.73%    passed     98.92%
 619  B.FR.2018.V-A6.ON421508                               44.95%    passed     98.22%
 620  B.FR.2014.CHI1_1.OP994351                             45.05%    passed     96.37%
 621  B.FR.2014.CHI5_1.OP994374                             43.85%    passed     88.68%
 622  B.FR.2015.CHI2_1.OP994403                             43.74%    passed     96.92%
 623  B.FR.2015.CHI3_16.OP994436                            43.41%    passed     99.98%
 624  B.FR.2014.CHI4_3.OP994447                             44.51%    passed     94.57%
 625  B.FR.2013.CHI6_2b.OP994469                            44.73%    passed     97.14%
 626  B.FR.2010.PHI3_1.OP994495                             44.29%    passed     97.94%
 627  B.FR.2010.PHI5_2.OP994516                             44.73%    passed     99.94%
 628  B.FR.2013.PHI2_2.OP994535                             45.05%    passed     96.10%
 629  B.FR.2012.PHI7_5.OP994561                             44.62%    passed     83.97%
 630  B.FR.2012.PHI8_4.OP994591                             44.51%    passed     97.16%
 631  B.FR.2012.PHI6_1.OP994622                             45.05%    passed     98.45%
 632  B.FR.2013.180003_6.OP994705                           44.73%    passed     99.61%
 633  B.FR.2010.098001_4.OP994718                           44.84%    passed     98.40%
 634  B.FR.2014.070001_3.OP994739                           43.85%    passed     87.87%
 635  B.FR.2015.CODb1_1.OP994760                            44.62%    passed     83.48%
 636  B.FR.2014.CODb6_1.OP994795                            44.84%    passed     98.67%
 637  B.FR.2014.CODb3_2.OP994808                            45.05%    passed     97.13%
 638  B.BE.2017.CIS06042-V1-CD4-6.OQ596827                  44.62%    passed     98.58%
 639  B.BE.2021.MRC04-V1-FLIPS-CD4-07.OQ596864              44.95%    passed     93.84%
 640  B.BE.2020.STIPSEQ-MRC001-HG-MAA-B09-UBE2D3.OQ596882   44.62%    passed     99.56%
 641  B.BE.2021.STIPSEQ-MRC008-HG-MBJ-B07-RNF157.OQ596919   44.84%    passed     98.35%
 642  B.BE.2021.STIPSEQ-MRC015-HG-MAK-F07-SNTB1.OQ596940    44.73%    passed     99.49%
 643  B.BE.2021.STIPSEQ-MRC021-MDW-B07-ZNF609.OQ596944      44.73%    passed     95.67%
 644  B.FR.1985.LW123.U12055                                44.95%    passed     99.65%
 645  B.NL.1986.H0320_2A12_ACH3202A12.U34603                44.95%    passed     94.38%
 646  B.DE.1986.D31.U43096                                  44.95%    passed     99.28%
 647  B.DE.1986.HAN.U43141                                  45.05%    passed     98.69%
****  TOTAL                                                 44.80%  0 sequences failed composition chi2 test (p-value<5%; df=3)
NOTE: B.CY.2005.CY141.FJ388939 is identical to B.CY.2005.CY013.EU673419 but kept for subsequent analysis
NOTE: B.CY.2005.CY131.FJ388935 is identical to B.CY.2005.CY016.EU673422 but kept for subsequent analysis
NOTE: B.DE.2005.GAG_Acute_38.KJ869479 is identical to B.DE.2005.B_01.FJ667236 but kept for subsequent analysis
NOTE: B.DE.2004.GAG_Acute_40.KJ869481 is identical to B.DE.2004.B_02.FJ667237 but kept for subsequent analysis
NOTE: B.DE.2004.GAG_Acute_50.KJ869491 is identical to B.DE.2004.B_03.FJ667238 but kept for subsequent analysis
NOTE: B.DE.2005.GAG_Acute_51.KJ869492 is identical to B.DE.2005.B_04.FJ667239 but kept for subsequent analysis
NOTE: B.DE.2003.GAG_Acute_72.KJ869513 is identical to B.DE.2003.B_05.FJ667240 but kept for subsequent analysis
NOTE: B.DE.2002.GAG_Acute_73.KJ869514 is identical to B.DE.2002.B_06.FJ667241 but kept for subsequent analysis
NOTE: B.DE.2005.GAG_Acute_56.KJ869497 is identical to B.DE.2005.B_07.FJ667242 but kept for subsequent analysis
NOTE: B.DE.2005.GAG_Acute_58.KJ869499 is identical to B.DE.2005.B_08.FJ667243 but kept for subsequent analysis
NOTE: B.DE.2005.GAG_Acute_61.KJ869502 is identical to B.DE.2005.B_09.FJ667244 but kept for subsequent analysis
NOTE: B.DE.2005.GAG_Acute_67.KJ869508 is identical to B.DE.2005.B_10.FJ667245 but kept for subsequent analysis
NOTE: B.DE.2004.GAG_Acute_39.KJ869480 is identical to B.DE.2004.AC_GAG2.GU390465 but kept for subsequent analysis
NOTE: B.DE.2004.GAG_Acute_41.KJ869482 is identical to B.DE.2004.AC_GAG3.GU390466 but kept for subsequent analysis
NOTE: B.DE.2004.GAG_Acute_42.KJ869483 is identical to B.DE.2004.AC_GAG4.GU390467 but kept for subsequent analysis
NOTE: B.DE.2004.GAG_Acute_43.KJ869484 is identical to B.DE.2004.AC_GAG5.GU390468 but kept for subsequent analysis
NOTE: B.DE.2004.GAG_Acute_44.KJ869485 is identical to B.DE.2004.AC_GAG6.GU390469 but kept for subsequent analysis
NOTE: B.DE.2004.GAG_Acute_46.KJ869487 is identical to B.DE.2004.AC_GAG7.GU390470 but kept for subsequent analysis
NOTE: B.DE.2005.GAG_Acute_47.KJ869488 is identical to B.DE.2005.AC_GAG9.GU390472 but kept for subsequent analysis
NOTE: B.DE.2004.GAG_Acute_49.KJ869490 is identical to B.DE.2004.AC_GAG10.GU390473 but kept for subsequent analysis
NOTE: B.DE.2003.GAG_Acute_69.KJ869510 is identical to B.DE.2003.AC_GAG12.GU390475 but kept for subsequent analysis
NOTE: B.DE.2003.GAG_Acute_70.KJ869511 is identical to B.DE.2003.AC_GAG13.GU390476 but kept for subsequent analysis
NOTE: B.DE.2003.GAG_Acute_71.KJ869512 is identical to B.DE.2003.AC_GAG14.GU390477 but kept for subsequent analysis
NOTE: B.DE.2003.GAG_Acute_74.KJ869515 is identical to B.DE.2003.AC_GAG16.GU390479 but kept for subsequent analysis
NOTE: B.DE.2005.GAG_Acute_57.KJ869498 is identical to B.DE.2005.AC_GAG47.GU390510 but kept for subsequent analysis
NOTE: B.DE.2005.GAG_Acute_63.KJ869504 is identical to B.DE.2005.AC_GAG50.GU390513 but kept for subsequent analysis
NOTE: B.DE.2005.GAG_Acute_64.KJ869505 is identical to B.DE.2005.AC_GAG51.GU390514 but kept for subsequent analysis
NOTE: B.DE.2005.GAG_Acute_65.KJ869506 is identical to B.DE.2005.AC_GAG52.GU390515 but kept for subsequent analysis
NOTE: B.GB.2013.15171_1_7.5.MF109680 is identical to B.GB.2013.15171_1_35.4.MF109667 but kept for subsequent analysis
NOTE: B.GB.2013.15228_1_60.3.MF109698 is identical to B.GB.2013.15171_1_42.3.MF109675 but kept for subsequent analysis
Checking for duplicate sequences: done in 0.0120595 secs using 63.32% CPU
Identifying sites to remove: done in 0.0162136 secs using 83.52% CPU
NOTE: 2 identical sequences (see below) will be ignored for subsequent analysis
NOTE: B.DE.2004.912218.KT124804 (identical to B.DE.2004.AC_GAG7.GU390470) is ignored but added at the end
NOTE: B.DE.2004.963987.KT124812 (identical to B.DE.2004.AC_GAG10.GU390473) is ignored but added at the end
Alignment was printed to /cfs/earth/scratch/iglh/Masterthesis_Mickaël/data/gag/HIV-1_gag_DNA_mafft_alignment.fasta.uniqueseq.phy

For your convenience alignment with unique sequences printed to /cfs/earth/scratch/iglh/Masterthesis_Mickaël/data/gag/HIV-1_gag_DNA_mafft_alignment.fasta.uniqueseq.phy


Create initial parsimony tree by phylogenetic likelihood library (PLL)... 0.383 seconds
Perform fast likelihood tree search using GTR+I+G model...
Estimate model parameters (epsilon = 5.000)
Perform nearest neighbor interchange...
Optimizing NNI: done in 7.73198 secs using 98.9% CPU
Estimate model parameters (epsilon = 1.000)
1. Initial log-likelihood: -155266.695
Optimal log-likelihood: -155265.877
Rate parameters:  A-C: 1.56159  A-G: 5.52594  A-T: 0.79136  C-G: 0.80154  C-T: 7.21717  G-T: 1.00000
Base frequencies:  A: 0.368  C: 0.196  G: 0.245  T: 0.191
Proportion of invariable sites: 0.160
Gamma shape alpha: 0.637
Parameters optimization took 1 rounds (2.773 sec)
Time for fast ML tree search: 24.513 seconds

NOTE: ModelFinder requires 424 MB RAM!
ModelFinder will test up to 484 DNA models (sample size: 2730) ...
 No. Model         -LnL         df  AIC          AICc         BIC
  1  GTR+F         182802.036   1295 368194.072   370534.825   375850.186
  2  GTR+F+I       175692.186   1296 353976.373   356322.377   361638.399
  3  GTR+F+G4      155704.209   1296 314000.418   316346.422   321662.443
  4  GTR+F+I+G4    155265.912   1297 313125.825   315477.090   320793.762
  5  GTR+F+R2      161784.669   1297 326163.339   328514.604   333831.276
  6  GTR+F+R3      157096.958   1299 316791.917   319153.735   324471.679
  7  GTR+F+R4      155590.193   1301 313782.387   316154.799   321473.973
  8  GTR+F+R5      154950.599   1303 312507.198   314890.245   320210.609
  9  GTR+F+R6      154720.113   1305 312050.226   314443.948   319765.461
 10  GTR+F+R7      154478.251   1307 311570.502   313974.941   319297.560
 11  GTR+F+R8      154443.213   1309 311504.426   313919.623   319243.308
 12  GTR+F+R9      154339.974   1311 311301.948   313727.946   319052.655
 13  GTR+F+R10     154338.480   1313 311302.961   313739.800   319065.491
 14  GTR+F+I+R2    159864.737   1298 322325.475   324682.012   329999.325
 15  GTR+F+I+R3    156254.378   1300 315108.756   317475.866   322794.430
 16  GTR+F+I+R4    155184.003   1302 312972.005   315349.729   320669.504
 17  GTR+F+I+R5    154742.946   1304 312093.891   314482.270   319803.214
 18  GTR+F+I+R6    154546.156   1306 311704.313   314103.388   319425.459
 19  GTR+F+I+R7    154440.062   1308 311496.123   313905.936   319229.094
 20  GTR+F+I+R8    154347.187   1310 311314.374   313734.966   319059.169
 21  GTR+F+I+R9    154332.118   1312 311288.236   313719.648   319044.854
 22  GTR+F+I+R10   154316.703   1314 311261.406   313703.682   319029.849
 44  SYM+I+R10     154463.097   1311 311548.195   313974.192   319298.901
 66  TVM+F+I+R10   154386.703   1313 311399.406   313836.245   319161.937
 88  TVMe+I+R10    154720.256   1310 312060.511   314481.103   319805.306
110  TIM3+F+I+R10  154498.999   1312 311621.998   314053.411   319378.617
132  TIM3e+I+R10   154985.003   1309 312588.006   315003.203   320326.888
154  TIM2+F+I+R10  154568.280   1312 311760.561   314191.974   319517.179
176  TIM2e+I+R10   154714.158   1309 312046.316   314461.513   319785.199
198  TIM+F+I+R10   154419.322   1312 311462.644   313894.057   319219.263
220  TIMe+I+R10    154911.583   1309 312441.167   314856.364   320180.049
242  TPM3u+F+I+R10 154573.484   1311 311768.968   314194.965   319519.675
264  TPM3+I+R10    155207.064   1308 313030.128   315439.941   320763.098
286  TPM2u+F+I+R10 154632.878   1311 311887.757   314313.754   319638.464
308  TPM2+I+R10    154982.350   1308 312580.701   314990.513   320313.671
330  K3Pu+F+I+R10  154493.960   1311 311609.921   314035.918   319360.627
352  K3P+I+R10     155138.669   1308 312893.338   315303.151   320626.309
374  TN+F+I+R10    154627.713   1311 311877.425   314303.423   319628.132
396  TNe+I+R10     155128.881   1308 312873.761   315283.574   320606.732
418  HKY+F+I+R10   154700.882   1310 312021.764   314442.356   319766.558
440  K2P+I+R10     155361.033   1307 313336.066   315740.505   321063.124
462  F81+F+I+R10   165175.901   1309 332969.803   335385.000   340708.685
484  JC+I+R10      166803.060   1306 336218.119   338617.195   343939.266
Akaike Information Criterion:           GTR+F+I+R10
Corrected Akaike Information Criterion: GTR+F+I+R10
Bayesian Information Criterion:         GTR+F+I+R10
Best-fit model: GTR+F+I+R10 chosen according to BIC

All model information printed to /cfs/earth/scratch/iglh/Masterthesis_Mickaël/data/gag/HIV-1_gag_DNA_mafft_alignment.fasta.model.gz
CPU time for ModelFinder: 12877.421 seconds (3h:34m:37s)
Wall-clock time for ModelFinder: 12924.666 seconds (3h:35m:24s)

NOTE: 424 MB RAM (0 GB) is required!
Estimate model parameters (epsilon = 0.100)
1. Initial log-likelihood: -154316.703
2. Current log-likelihood: -154316.462
Optimal log-likelihood: -154316.315
Rate parameters:  A-C: 1.64530  A-G: 5.81881  A-T: 0.80934  C-G: 0.83919  C-T: 7.60203  G-T: 1.00000
Base frequencies:  A: 0.368  C: 0.196  G: 0.245  T: 0.191
Proportion of invariable sites: 0.130
Site proportion and rates:  (0.237,0.041) (0.102,0.160) (0.096,0.354) (0.091,0.577) (0.102,0.926) (0.082,1.542) (0.046,2.289) (0.045,3.059) (0.044,4.275) (0.026,9.175)
Parameters optimization took 2 rounds (18.167 sec)
Wrote distance file to... 
Computing ML distances based on estimated model parameters...
Calculating distance matrix: done in 3.07433 secs using 99.73% CPU
Computing ML distances took 3.080701 sec (of wall-clock time) 3.071415 sec (of CPU time)
Setting up auxiliary I and S matrices: done in 0.00965538 secs using 199.5% CPU
Constructing RapidNJ tree: done in 0.087761 secs using 191.4% CPU
Computing RapidNJ tree took 0.099015 sec (of wall-clock time) 0.189004 sec (of CPU time)
Log-likelihood of RapidNJ tree: -153921.065
--------------------------------------------------------------------
|             INITIALIZING CANDIDATE TREE SET                      |
--------------------------------------------------------------------
Generating 98 parsimony trees... 41.383 second
Computing log-likelihood of 98 initial trees ... 81.807 seconds
Current best score: -153921.065

Do NNI search on 20 best initial trees
Optimizing NNI: done in 20.8398 secs using 99.37% CPU
Estimate model parameters (epsilon = 0.100)
BETTER TREE FOUND at iteration 1: -153405.754
Optimizing NNI: done in 16.8302 secs using 99.33% CPU
Optimizing NNI: done in 100.41 secs using 99.38% CPU
Optimizing NNI: done in 55.7599 secs using 99.38% CPU
Optimizing NNI: done in 53.1153 secs using 99.33% CPU
Optimizing NNI: done in 62.293 secs using 99.37% CPU
Optimizing NNI: done in 56.9595 secs using 99.37% CPU
Optimizing NNI: done in 50.5642 secs using 99.38% CPU
Optimizing NNI: done in 51.8271 secs using 99.33% CPU
Optimizing NNI: done in 51.1596 secs using 99.4% CPU
Iteration 10 / LogL: -154034.670 / Time: 0h:13m:3s
Optimizing NNI: done in 60.0968 secs using 99.39% CPU
Optimizing NNI: done in 62.8387 secs using 99.4% CPU
Optimizing NNI: done in 56.9841 secs using 99.36% CPU
Optimizing NNI: done in 41.2326 secs using 99.39% CPU
Optimizing NNI: done in 62.3065 secs using 99.37% CPU
Optimizing NNI: done in 55.2259 secs using 99.38% CPU
Optimizing NNI: done in 55.8861 secs using 99.38% CPU
Optimizing NNI: done in 54.6486 secs using 99.4% CPU
Optimizing NNI: done in 61.9392 secs using 99.35% CPU
Optimizing NNI: done in 53.6755 secs using 99.4% CPU
Iteration 20 / LogL: -154085.243 / Time: 0h:22m:29s
Finish initializing candidate tree set (20)
Current best tree score: -153405.754 / CPU time: 1301.326
Number of iterations: 20
--------------------------------------------------------------------
|               OPTIMIZING CANDIDATE TREE SET                      |
--------------------------------------------------------------------
Optimizing NNI: done in 18.2555 secs using 99.33% CPU
Optimizing NNI: done in 20.769 secs using 99.35% CPU
Optimizing NNI: done in 21.8503 secs using 99.36% CPU
Optimizing NNI: done in 25.7356 secs using 99.37% CPU
Estimate model parameters (epsilon = 0.100)
BETTER TREE FOUND at iteration 24: -153391.476
Optimizing NNI: done in 22.0402 secs using 99.39% CPU
Optimizing NNI: done in 20.7902 secs using 99.35% CPU
Estimate model parameters (epsilon = 0.100)
BETTER TREE FOUND at iteration 26: -153361.839
Optimizing NNI: done in 21.8343 secs using 99.34% CPU
Optimizing NNI: done in 20.6782 secs using 99.29% CPU
Estimate model parameters (epsilon = 0.100)
BETTER TREE FOUND at iteration 28: -153314.433
Optimizing NNI: done in 22.6382 secs using 99.29% CPU
Optimizing NNI: done in 22.8755 secs using 99.38% CPU
Iteration 30 / LogL: -153336.015 / Time: 0h:27m:6s (1h:31m:37s left)
Optimizing NNI: done in 21.8399 secs using 99.26% CPU
Optimizing NNI: done in 20.9066 secs using 99.32% CPU
Optimizing NNI: done in 19.1936 secs using 99.38% CPU
Optimizing NNI: done in 19.6039 secs using 99.3% CPU
Optimizing NNI: done in 23.6663 secs using 99.37% CPU
Estimate model parameters (epsilon = 0.100)
BETTER TREE FOUND at iteration 35: -153304.614
Optimizing NNI: done in 19.5996 secs using 99.31% CPU
Optimizing NNI: done in 21.3227 secs using 99.4% CPU
Optimizing NNI: done in 21.7798 secs using 99.35% CPU
Optimizing NNI: done in 19.0468 secs using 99.32% CPU
Optimizing NNI: done in 18.0971 secs using 99.35% CPU
Iteration 40 / LogL: -153316.118 / Time: 0h:31m:6s (1h:15m:46s left)
Optimizing NNI: done in 26.6303 secs using 99.34% CPU
Estimate model parameters (epsilon = 0.100)
BETTER TREE FOUND at iteration 41: -153290.342
Optimizing NNI: done in 19.8882 secs using 99.36% CPU
Optimizing NNI: done in 20.0976 secs using 99.38% CPU
Optimizing NNI: done in 20.2066 secs using 99.37% CPU
Optimizing NNI: done in 23.0815 secs using 99.29% CPU
Estimate model parameters (epsilon = 0.100)
BETTER TREE FOUND at iteration 45: -153267.547
Optimizing NNI: done in 20.9235 secs using 99.38% CPU
Estimate model parameters (epsilon = 0.100)
BETTER TREE FOUND at iteration 46: -153257.369
Optimizing NNI: done in 21.645 secs using 99.32% CPU
Optimizing NNI: done in 20.7743 secs using 99.37% CPU
Optimizing NNI: done in 25.6116 secs using 99.39% CPU
Optimizing NNI: done in 19.7521 secs using 99.27% CPU
Iteration 50 / LogL: -153281.667 / Time: 0h:35m:41s (1h:9m:55s left)
Optimizing NNI: done in 23.7447 secs using 99.4% CPU
Optimizing NNI: done in 22.4771 secs using 99.34% CPU
Estimate model parameters (epsilon = 0.100)
BETTER TREE FOUND at iteration 52: -153233.764
Optimizing NNI: done in 18.0502 secs using 99.38% CPU
Optimizing NNI: done in 21.6929 secs using 99.36% CPU
Estimate model parameters (epsilon = 0.100)
BETTER TREE FOUND at iteration 54: -153166.265
Optimizing NNI: done in 23.2085 secs using 99.3% CPU
Optimizing NNI: done in 19.0515 secs using 99.3% CPU
Optimizing NNI: done in 21.4344 secs using 99.4% CPU
Optimizing NNI: done in 20.2128 secs using 99.28% CPU
Optimizing NNI: done in 19.6562 secs using 99.38% CPU
Optimizing NNI: done in 21.3831 secs using 99.4% CPU
Iteration 60 / LogL: -153224.925 / Time: 0h:39m:56s (1h:3m:38s left)
Optimizing NNI: done in 19.8769 secs using 99.31% CPU
Optimizing NNI: done in 18.8319 secs using 99.39% CPU
Optimizing NNI: done in 17.8405 secs using 99.23% CPU
Optimizing NNI: done in 20.4078 secs using 99.4% CPU
Optimizing NNI: done in 18.2429 secs using 99.31% CPU
Estimate model parameters (epsilon = 0.100)
BETTER TREE FOUND at iteration 65: -153161.050
Optimizing NNI: done in 22.1125 secs using 99.41% CPU
Optimizing NNI: done in 24.435 secs using 99.41% CPU
Optimizing NNI: done in 19.5616 secs using 99.37% CPU
Optimizing NNI: done in 17.8133 secs using 99.33% CPU
Optimizing NNI: done in 21.2913 secs using 99.37% CPU
Iteration 70 / LogL: -153215.019 / Time: 0h:43m:33s (0h:59m:57s left)
Optimizing NNI: done in 18.9991 secs using 99.4% CPU
Optimizing NNI: done in 21.7519 secs using 99.38% CPU
Optimizing NNI: done in 19.3397 secs using 99.39% CPU
Estimate model parameters (epsilon = 0.100)
BETTER TREE FOUND at iteration 73: -153159.095
Optimizing NNI: done in 18.3444 secs using 99.22% CPU
Optimizing NNI: done in 20.0728 secs using 99.31% CPU
Optimizing NNI: done in 21.1959 secs using 99.4% CPU
Estimate model parameters (epsilon = 0.100)
BETTER TREE FOUND at iteration 76: -153151.541
Optimizing NNI: done in 21.5823 secs using 99.36% CPU
Optimizing NNI: done in 21.0622 secs using 99.31% CPU
Optimizing NNI: done in 20.2311 secs using 99.32% CPU
Optimizing NNI: done in 19.8026 secs using 99.34% CPU
Iteration 80 / LogL: -153158.704 / Time: 0h:47m:28s (0h:57m:41s left)
Optimizing NNI: done in 20.0316 secs using 99.36% CPU
Optimizing NNI: done in 20.7251 secs using 99.34% CPU
Optimizing NNI: done in 23.9964 secs using 99.35% CPU
Optimizing NNI: done in 20.1443 secs using 99.34% CPU
Optimizing NNI: done in 22.9141 secs using 99.31% CPU
Optimizing NNI: done in 22.6275 secs using 99.4% CPU
Optimizing NNI: done in 19.7875 secs using 99.34% CPU
Optimizing NNI: done in 20.61 secs using 99.24% CPU
Optimizing NNI: done in 20.2299 secs using 99.36% CPU
Optimizing NNI: done in 19.2448 secs using 99.35% CPU
Iteration 90 / LogL: -153152.298 / Time: 0h:51m:0s (0h:49m:17s left)
Optimizing NNI: done in 19.4317 secs using 99.42% CPU
Optimizing NNI: done in 19.2102 secs using 99.4% CPU
Optimizing NNI: done in 22.3787 secs using 99.33% CPU
Optimizing NNI: done in 22.2649 secs using 99.35% CPU
Optimizing NNI: done in 19.1038 secs using 99.41% CPU
Optimizing NNI: done in 21.9556 secs using 99.28% CPU
Optimizing NNI: done in 20.8113 secs using 99.3% CPU
Optimizing NNI: done in 22.1484 secs using 99.33% CPU
Estimate model parameters (epsilon = 0.100)
BETTER TREE FOUND at iteration 98: -153123.634
Optimizing NNI: done in 21.9146 secs using 99.36% CPU
Optimizing NNI: done in 19.1282 secs using 99.44% CPU
Iteration 100 / LogL: -153205.142 / Time: 0h:54m:47s (0h:54m:14s left)
Optimizing NNI: done in 21.4003 secs using 99.32% CPU
Optimizing NNI: done in 18.8941 secs using 99.22% CPU
Optimizing NNI: done in 22.7422 secs using 99.41% CPU
Optimizing NNI: done in 20.8181 secs using 99.43% CPU
Optimizing NNI: done in 20.4732 secs using 99.41% CPU
Optimizing NNI: done in 21.5468 secs using 99.3% CPU
Optimizing NNI: done in 19.2532 secs using 99.37% CPU
Optimizing NNI: done in 19.7389 secs using 99.32% CPU
Optimizing NNI: done in 22.8998 secs using 99.3% CPU
Optimizing NNI: done in 22.5902 secs using 99.32% CPU
Iteration 110 / LogL: -153181.713 / Time: 0h:58m:19s (0h:47m:5s left)
Optimizing NNI: done in 19.7997 secs using 99.32% CPU
Optimizing NNI: done in 19.9693 secs using 99.31% CPU
Optimizing NNI: done in 20.7614 secs using 99.25% CPU
Optimizing NNI: done in 20.555 secs using 99.42% CPU
Optimizing NNI: done in 20.679 secs using 99.4% CPU
Optimizing NNI: done in 22.2559 secs using 99.36% CPU
Optimizing NNI: done in 23.3231 secs using 99.32% CPU
Optimizing NNI: done in 21.1499 secs using 99.31% CPU
Optimizing NNI: done in 22.6413 secs using 99.4% CPU
Optimizing NNI: done in 19.7583 secs using 99.39% CPU
Iteration 120 / LogL: -153244.363 / Time: 1h:1m:52s (0h:40m:33s left)
Optimizing NNI: done in 22.5581 secs using 99.39% CPU
Optimizing NNI: done in 22.3331 secs using 99.4% CPU
Optimizing NNI: done in 24.0981 secs using 99.36% CPU
Optimizing NNI: done in 20.3644 secs using 99.37% CPU
Optimizing NNI: done in 22.048 secs using 99.41% CPU
Optimizing NNI: done in 19.4043 secs using 99.38% CPU
Optimizing NNI: done in 21.6412 secs using 99.3% CPU
Optimizing NNI: done in 19.4563 secs using 99.33% CPU
Optimizing NNI: done in 19.0279 secs using 99.32% CPU
Optimizing NNI: done in 20.5084 secs using 99.35% CPU
Iteration 130 / LogL: -153146.683 / Time: 1h:5m:25s (0h:34m:29s left)
Optimizing NNI: done in 23.0826 secs using 99.36% CPU
Optimizing NNI: done in 19.0581 secs using 99.28% CPU
Optimizing NNI: done in 22.2996 secs using 99.37% CPU
Optimizing NNI: done in 21.5594 secs using 99.35% CPU
Optimizing NNI: done in 19.7726 secs using 99.33% CPU
Optimizing NNI: done in 21.4845 secs using 99.33% CPU
Optimizing NNI: done in 20.3569 secs using 99.29% CPU
Optimizing NNI: done in 21.1601 secs using 99.4% CPU
Optimizing NNI: done in 22.9512 secs using 99.41% CPU
Optimizing NNI: done in 19.1332 secs using 99.33% CPU
Iteration 140 / LogL: -153160.313 / Time: 1h:8m:58s (0h:28m:46s left)
Optimizing NNI: done in 19.8738 secs using 99.38% CPU
Optimizing NNI: done in 19.8189 secs using 99.41% CPU
Estimate model parameters (epsilon = 0.100)
BETTER TREE FOUND at iteration 142: -153114.530
Optimizing NNI: done in 21.6307 secs using 99.41% CPU
Optimizing NNI: done in 22.5883 secs using 99.33% CPU
Optimizing NNI: done in 19.7594 secs using 99.38% CPU
Optimizing NNI: done in 19.6082 secs using 99.42% CPU
Optimizing NNI: done in 21.9459 secs using 99.44% CPU
Optimizing NNI: done in 22.7072 secs using 99.4% CPU
Estimate model parameters (epsilon = 0.100)
BETTER TREE FOUND at iteration 148: -153111.531
Optimizing NNI: done in 18.7846 secs using 99.36% CPU
Optimizing NNI: done in 19.4993 secs using 99.34% CPU
Iteration 150 / LogL: -153178.414 / Time: 1h:12m:58s (0h:47m:59s left)
Optimizing NNI: done in 23.6813 secs using 99.34% CPU
Optimizing NNI: done in 20.933 secs using 99.33% CPU
Optimizing NNI: done in 22.6593 secs using 99.33% CPU
Optimizing NNI: done in 22.0668 secs using 99.4% CPU
Optimizing NNI: done in 19.291 secs using 99.31% CPU
Optimizing NNI: done in 20.6592 secs using 99.37% CPU
Optimizing NNI: done in 21.5043 secs using 99.33% CPU
Optimizing NNI: done in 22.8135 secs using 99.36% CPU
Optimizing NNI: done in 24.6211 secs using 99.34% CPU
Optimizing NNI: done in 22.8849 secs using 99.37% CPU
Iteration 160 / LogL: -153179.448 / Time: 1h:16m:41s (0h:42m:26s left)
Optimizing NNI: done in 19.3207 secs using 99.35% CPU
Optimizing NNI: done in 18.4894 secs using 99.36% CPU
Estimate model parameters (epsilon = 0.100)
BETTER TREE FOUND at iteration 162: -153104.168
Optimizing NNI: done in 22.1027 secs using 99.35% CPU
Optimizing NNI: done in 24.1163 secs using 99.4% CPU
Optimizing NNI: done in 19.7562 secs using 99.37% CPU
Optimizing NNI: done in 23.5721 secs using 99.4% CPU
Optimizing NNI: done in 18.5386 secs using 99.36% CPU
Optimizing NNI: done in 20.7879 secs using 99.33% CPU
Estimate model parameters (epsilon = 0.100)
BETTER TREE FOUND at iteration 168: -153101.608
Optimizing NNI: done in 20.9469 secs using 99.34% CPU
Optimizing NNI: done in 19.9118 secs using 99.45% CPU
Iteration 170 / LogL: -153105.780 / Time: 1h:20m:32s (0h:46m:42s left)
Optimizing NNI: done in 20.0939 secs using 99.33% CPU
Optimizing NNI: done in 20.1955 secs using 99.39% CPU
Optimizing NNI: done in 19.0679 secs using 99.32% CPU
Optimizing NNI: done in 21.6228 secs using 99.38% CPU
Optimizing NNI: done in 18.3413 secs using 99.31% CPU
Optimizing NNI: done in 21.5341 secs using 99.36% CPU
Optimizing NNI: done in 20.1655 secs using 99.42% CPU
Optimizing NNI: done in 21.7148 secs using 99.35% CPU
Optimizing NNI: done in 23.7567 secs using 99.37% CPU
Optimizing NNI: done in 17.7957 secs using 99.21% CPU
Estimate model parameters (epsilon = 0.100)
BETTER TREE FOUND at iteration 180: -153087.044
Iteration 180 / LogL: -153087.044 / Time: 1h:24m:12s (0h:47m:2s left)
Optimizing NNI: done in 21.1626 secs using 99.38% CPU
Optimizing NNI: done in 19.4066 secs using 99.34% CPU
Optimizing NNI: done in 20.6796 secs using 99.36% CPU
Optimizing NNI: done in 19.0805 secs using 99.25% CPU
Estimate model parameters (epsilon = 0.100)
BETTER TREE FOUND at iteration 184: -153076.370
Optimizing NNI: done in 21.8199 secs using 99.33% CPU
Optimizing NNI: done in 20.5913 secs using 99.31% CPU
Optimizing NNI: done in 20.6703 secs using 99.28% CPU
Optimizing NNI: done in 20.0511 secs using 99.38% CPU
Optimizing NNI: done in 19.5351 secs using 99.31% CPU
Optimizing NNI: done in 23.4703 secs using 99.37% CPU
Iteration 190 / LogL: -153106.130 / Time: 1h:27m:58s (0h:43m:45s left)
Optimizing NNI: done in 22.5796 secs using 99.41% CPU
Optimizing NNI: done in 20.0188 secs using 99.36% CPU
Optimizing NNI: done in 20.4979 secs using 99.39% CPU
Optimizing NNI: done in 21.8099 secs using 99.38% CPU
Optimizing NNI: done in 19.8837 secs using 99.25% CPU
Optimizing NNI: done in 19.9 secs using 99.33% CPU
Optimizing NNI: done in 21.907 secs using 99.3% CPU
Optimizing NNI: done in 19.2017 secs using 99.38% CPU
Optimizing NNI: done in 19.8212 secs using 99.33% CPU
Optimizing NNI: done in 22.0114 secs using 99.38% CPU
Iteration 200 / LogL: -153146.836 / Time: 1h:31m:27s (0h:38m:36s left)
Optimizing NNI: done in 19.5897 secs using 99.37% CPU
Optimizing NNI: done in 19.8502 secs using 99.33% CPU
Optimizing NNI: done in 21.499 secs using 99.38% CPU
Optimizing NNI: done in 20.4847 secs using 99.3% CPU
Optimizing NNI: done in 20.0045 secs using 99.36% CPU
Optimizing NNI: done in 20.5376 secs using 99.29% CPU
Optimizing NNI: done in 18.832 secs using 99.42% CPU
Optimizing NNI: done in 20.5791 secs using 99.35% CPU
Optimizing NNI: done in 22.6699 secs using 99.33% CPU
Optimizing NNI: done in 21.2088 secs using 99.39% CPU
Estimate model parameters (epsilon = 0.100)
BETTER TREE FOUND at iteration 210: -153066.508
Iteration 210 / LogL: -153066.508 / Time: 1h:35m:13s (0h:45m:33s left)
Optimizing NNI: done in 20.7003 secs using 99.39% CPU
Optimizing NNI: done in 23.2817 secs using 99.35% CPU
Optimizing NNI: done in 21.7503 secs using 99.33% CPU
Optimizing NNI: done in 19.9888 secs using 99.34% CPU
Optimizing NNI: done in 18.8165 secs using 99.36% CPU
Optimizing NNI: done in 22.2573 secs using 99.36% CPU
Optimizing NNI: done in 21.0871 secs using 99.36% CPU
Optimizing NNI: done in 21.9959 secs using 99.32% CPU
Optimizing NNI: done in 19.9345 secs using 99.32% CPU
Optimizing NNI: done in 22.4464 secs using 99.38% CPU
Iteration 220 / LogL: -153076.017 / Time: 1h:38m:47s (0h:40m:35s left)
Optimizing NNI: done in 24.0613 secs using 99.44% CPU
Optimizing NNI: done in 20.3126 secs using 99.43% CPU
Optimizing NNI: done in 19.9677 secs using 99.46% CPU
Optimizing NNI: done in 19.5308 secs using 99.33% CPU
Optimizing NNI: done in 21.2275 secs using 99.3% CPU
Optimizing NNI: done in 19.9983 secs using 99.41% CPU
Optimizing NNI: done in 20.4554 secs using 99.38% CPU
Optimizing NNI: done in 19.2294 secs using 99.38% CPU
Optimizing NNI: done in 23.1686 secs using 99.42% CPU
Optimizing NNI: done in 20.7089 secs using 99.28% CPU
Iteration 230 / LogL: -153115.655 / Time: 1h:42m:17s (0h:35m:44s left)
Optimizing NNI: done in 21.6662 secs using 99.31% CPU
Optimizing NNI: done in 20.5632 secs using 99.4% CPU
Optimizing NNI: done in 21.0439 secs using 99.42% CPU
Estimate model parameters (epsilon = 0.100)
BETTER TREE FOUND at iteration 233: -153051.760
Optimizing NNI: done in 19.2983 secs using 99.33% CPU
Optimizing NNI: done in 20.5613 secs using 99.31% CPU
Optimizing NNI: done in 21.0222 secs using 99.34% CPU
Optimizing NNI: done in 21.9674 secs using 99.35% CPU
Optimizing NNI: done in 20.6447 secs using 99.35% CPU
Optimizing NNI: done in 26.4729 secs using 99.33% CPU
Optimizing NNI: done in 19.8023 secs using 99.35% CPU
Iteration 240 / LogL: -153146.900 / Time: 1h:46m:18s (0h:41m:21s left)
Optimizing NNI: done in 23.2897 secs using 99.37% CPU
Optimizing NNI: done in 23.4332 secs using 99.31% CPU
Optimizing NNI: done in 20.5569 secs using 99.34% CPU
Optimizing NNI: done in 22.3322 secs using 99.35% CPU
Optimizing NNI: done in 22.6267 secs using 99.37% CPU
Optimizing NNI: done in 22.4024 secs using 99.39% CPU
Optimizing NNI: done in 22.1721 secs using 99.36% CPU
Optimizing NNI: done in 21.4784 secs using 99.33% CPU
Optimizing NNI: done in 21.7983 secs using 99.33% CPU
Optimizing NNI: done in 21.0853 secs using 99.39% CPU
Iteration 250 / LogL: -153115.308 / Time: 1h:50m:1s (0h:36m:40s left)
Optimizing NNI: done in 22.1868 secs using 99.36% CPU
Optimizing NNI: done in 23.5818 secs using 99.28% CPU
Optimizing NNI: done in 24.2569 secs using 99.36% CPU
Optimizing NNI: done in 25.5273 secs using 99.39% CPU
Optimizing NNI: done in 21.793 secs using 99.31% CPU
Optimizing NNI: done in 22.8126 secs using 99.39% CPU
Optimizing NNI: done in 23.3412 secs using 99.36% CPU
Optimizing NNI: done in 22.6989 secs using 99.35% CPU
Optimizing NNI: done in 20.4871 secs using 99.33% CPU
Optimizing NNI: done in 22.4494 secs using 99.41% CPU
Iteration 260 / LogL: -153113.583 / Time: 1h:53m:52s (0h:32m:5s left)
Optimizing NNI: done in 23.7889 secs using 99.41% CPU
Optimizing NNI: done in 25.7539 secs using 99.4% CPU
Optimizing NNI: done in 24.721 secs using 99.37% CPU
Optimizing NNI: done in 23.6648 secs using 99.32% CPU
Optimizing NNI: done in 23.0976 secs using 99.35% CPU
Optimizing NNI: done in 20.4742 secs using 99.43% CPU
Optimizing NNI: done in 22.3997 secs using 99.41% CPU
Optimizing NNI: done in 22.0046 secs using 99.36% CPU
Optimizing NNI: done in 21.0249 secs using 99.3% CPU
Optimizing NNI: done in 21.957 secs using 99.34% CPU
Iteration 270 / LogL: -153207.347 / Time: 1h:57m:43s (0h:27m:34s left)
Optimizing NNI: done in 19.9721 secs using 99.36% CPU
Optimizing NNI: done in 19.6815 secs using 99.37% CPU
Optimizing NNI: done in 19.9683 secs using 99.4% CPU
Optimizing NNI: done in 23.9164 secs using 99.38% CPU
Optimizing NNI: done in 22.9328 secs using 99.35% CPU
Optimizing NNI: done in 20.7669 secs using 99.35% CPU
Optimizing NNI: done in 22.5463 secs using 99.31% CPU
Optimizing NNI: done in 19.3384 secs using 99.33% CPU
Optimizing NNI: done in 19.4997 secs using 99.31% CPU
Optimizing NNI: done in 21.5493 secs using 99.29% CPU
Iteration 280 / LogL: -153070.450 / Time: 2h:1m:15s (0h:23m:2s left)
Optimizing NNI: done in 22.4896 secs using 99.31% CPU
Optimizing NNI: done in 22.8881 secs using 99.38% CPU
Optimizing NNI: done in 22.3306 secs using 99.39% CPU
Optimizing NNI: done in 25.1599 secs using 99.33% CPU
Optimizing NNI: done in 22.4178 secs using 99.27% CPU
Optimizing NNI: done in 21.9361 secs using 99.34% CPU
Optimizing NNI: done in 22.5557 secs using 99.38% CPU
Optimizing NNI: done in 22.6701 secs using 99.42% CPU
Optimizing NNI: done in 21.1727 secs using 99.37% CPU
Optimizing NNI: done in 20.0887 secs using 99.29% CPU
Iteration 290 / LogL: -153110.402 / Time: 2h:5m:1s (0h:18m:36s left)
Optimizing NNI: done in 19.7883 secs using 99.31% CPU
Optimizing NNI: done in 22.3046 secs using 99.31% CPU
Optimizing NNI: done in 20.3439 secs using 99.32% CPU
Optimizing NNI: done in 21.1401 secs using 99.39% CPU
Optimizing NNI: done in 24.7808 secs using 99.38% CPU
Optimizing NNI: done in 17.8862 secs using 99.32% CPU
Optimizing NNI: done in 24.1413 secs using 99.38% CPU
Optimizing NNI: done in 19.714 secs using 99.3% CPU
Optimizing NNI: done in 21.6558 secs using 99.4% CPU
Optimizing NNI: done in 23.7558 secs using 99.32% CPU
Iteration 300 / LogL: -153453.019 / Time: 2h:8m:38s (0h:14m:11s left)
Optimizing NNI: done in 20.8182 secs using 99.46% CPU
Optimizing NNI: done in 20.9173 secs using 99.41% CPU
Optimizing NNI: done in 22.3804 secs using 99.27% CPU
Optimizing NNI: done in 19.7721 secs using 99.31% CPU
Optimizing NNI: done in 23.0333 secs using 99.33% CPU
Optimizing NNI: done in 19.1949 secs using 99.35% CPU
Optimizing NNI: done in 24.1449 secs using 99.4% CPU
Optimizing NNI: done in 24.5797 secs using 99.34% CPU
Optimizing NNI: done in 21.2834 secs using 99.39% CPU
Optimizing NNI: done in 21.8054 secs using 99.38% CPU
Iteration 310 / LogL: -153091.421 / Time: 2h:12m:18s (0h:9m:50s left)
Optimizing NNI: done in 22.5341 secs using 99.37% CPU
Optimizing NNI: done in 19.7247 secs using 99.35% CPU
Optimizing NNI: done in 19.3349 secs using 99.35% CPU
Optimizing NNI: done in 20.6196 secs using 99.31% CPU
Optimizing NNI: done in 19.6008 secs using 99.34% CPU
Optimizing NNI: done in 18.4387 secs using 99.37% CPU
Optimizing NNI: done in 20.2669 secs using 99.31% CPU
Optimizing NNI: done in 22.9215 secs using 99.41% CPU
Optimizing NNI: done in 22.5354 secs using 99.36% CPU
Optimizing NNI: done in 23.1406 secs using 99.27% CPU
Iteration 320 / LogL: -153091.638 / Time: 2h:15m:49s (0h:5m:32s left)
Optimizing NNI: done in 22.9145 secs using 99.33% CPU
Optimizing NNI: done in 19.3483 secs using 99.4% CPU
Optimizing NNI: done in 20.3488 secs using 99.37% CPU
Optimizing NNI: done in 22.3085 secs using 99.34% CPU
Optimizing NNI: done in 17.3866 secs using 99.29% CPU
Optimizing NNI: done in 25.49 secs using 99.34% CPU
Optimizing NNI: done in 23.3564 secs using 99.34% CPU
Optimizing NNI: done in 20.5505 secs using 99.36% CPU
Optimizing NNI: done in 21.9062 secs using 99.35% CPU
Optimizing NNI: done in 21.9706 secs using 99.33% CPU
Iteration 330 / LogL: -153088.835 / Time: 2h:19m:26s (0h:1m:16s left)
Optimizing NNI: done in 19.8113 secs using 99.38% CPU
Optimizing NNI: done in 18.4449 secs using 99.42% CPU
Optimizing NNI: done in 22.734 secs using 99.37% CPU
Optimizing NNI: done in 18.7833 secs using 99.4% CPU
TREE SEARCH COMPLETED AFTER 334 ITERATIONS / Time: 2h:20m:47s

--------------------------------------------------------------------
|                    FINALIZING TREE SEARCH                        |
--------------------------------------------------------------------
Performs final model parameters optimization
Estimate model parameters (epsilon = 0.010)
1. Initial log-likelihood: -153051.760
2. Current log-likelihood: -153051.735
3. Current log-likelihood: -153051.716
4. Current log-likelihood: -153051.694
5. Current log-likelihood: -153051.675
6. Current log-likelihood: -153051.644
7. Current log-likelihood: -153051.628
8. Current log-likelihood: -153051.610
9. Current log-likelihood: -153051.599
10. Current log-likelihood: -153051.581
11. Current log-likelihood: -153051.564
Optimal log-likelihood: -153051.549
Rate parameters:  A-C: 1.76007  A-G: 6.24411  A-T: 0.85174  C-G: 0.82562  C-T: 8.30696  G-T: 1.00000
Base frequencies:  A: 0.368  C: 0.196  G: 0.245  T: 0.191
Proportion of invariable sites: 0.119
Site proportion and rates:  (0.236,0.032) (0.109,0.135) (0.096,0.316) (0.093,0.521) (0.101,0.840) (0.069,1.367) (0.052,1.971) (0.047,2.743) (0.048,4.131) (0.029,9.876)
Parameters optimization took 11 rounds (63.146 sec)
BEST SCORE FOUND : -153051.549
Total tree length: 51.060

Total number of iterations: 334
CPU time used for tree search: 8346.160 sec (2h:19m:6s)
Wall-clock time used for tree search: 8399.236 sec (2h:19m:59s)
Total CPU time used: 8457.142 sec (2h:20m:57s)
Total wall-clock time used: 8510.739 sec (2h:21m:50s)

Analysis results written to: 
  IQ-TREE report:                /cfs/earth/scratch/iglh/Masterthesis_Mickaël/data/gag/HIV-1_gag_DNA_mafft_alignment.fasta.iqtree
  Maximum-likelihood tree:       /cfs/earth/scratch/iglh/Masterthesis_Mickaël/data/gag/HIV-1_gag_DNA_mafft_alignment.fasta.treefile
  Likelihood distances:          /cfs/earth/scratch/iglh/Masterthesis_Mickaël/data/gag/HIV-1_gag_DNA_mafft_alignment.fasta.mldist
  Screen log file:               /cfs/earth/scratch/iglh/Masterthesis_Mickaël/data/gag/HIV-1_gag_DNA_mafft_alignment.fasta.log

--- Start phylogenetic dating ---
Reading date file /cfs/earth/scratch/iglh/Masterthesis_Mickaël/data/gag/date_file_gag.txt ...
647 dates extracted
Building time tree by least-square dating (LSD) with command:
lsd -i /cfs/earth/scratch/iglh/Masterthesis_Mickaël/data/gag/HIV-1_gag_DNA_mafft_alignment.fasta.timetree.subst -s 2730 -o /cfs/earth/scratch/iglh/Masterthesis_Mickaël/data/gag/HIV-1_gag_DNA_mafft_alignment.fasta.timetree -g /cfs/earth/scratch/iglh/Masterthesis_Mickaël/data/gag/HIV-1_gag_DNA_mafft_alignment.fasta.timetree.outgroup -d /cfs/earth/scratch/iglh/Masterthesis_Mickaël/data/gag/HIV-1_gag_DNA_mafft_alignment.fasta.timetree.date -l 0.0 -u 0.00001 
Reroot the tree(s) using given outgroups ...

TREE 1
*PROCESSING:
Reading the tree ... 
Collapse 0 (over 645) internal branches having branch length <= 0
 (settable via option -l)
Parameter to adjust variances was set to 0.0197 (settable via option -b)
Minimum branch length of time scaled tree (settable via option -u and -U): 1e-05
Estimating the root position on the branch defined by given outgroups ...

*RESULTS:
- Dating results:
 rate 0.00226134, tMRCA 1962-10-29 , objective function 3.27406

TOTAL ELAPSED TIME: 0.242 seconds
LSD results written to:
  LSD report:                  /cfs/earth/scratch/iglh/Masterthesis_Mickaël/data/gag/HIV-1_gag_DNA_mafft_alignment.fasta.timetree.lsd
  Time tree in nexus format:   /cfs/earth/scratch/iglh/Masterthesis_Mickaël/data/gag/HIV-1_gag_DNA_mafft_alignment.fasta.timetree.nex
  Time tree in newick format:  /cfs/earth/scratch/iglh/Masterthesis_Mickaël/data/gag/HIV-1_gag_DNA_mafft_alignment.fasta.timetree.nwk

--- End phylogenetic dating ---
Date and Time: Fri Sep  1 01:28:15 2023
